[2025-03-27 07:29:19,290] [INFO] - üîπ log4net initialized before test execution.
[2025-03-27 07:29:19,294] [INFO] - Starting Test setup...
[2025-03-27 07:29:21,885] [INFO] - WebDriver initialized...
[2025-03-27 07:29:26,315] [INFO] - Closing Browser
[2025-03-27 08:02:32,181] [INFO] - üîπ log4net initialized before test execution.
[2025-03-27 08:02:32,184] [INFO] - Starting Test setup...
[2025-03-27 08:02:35,793] [INFO] - WebDriver initialized...
[2025-03-27 08:02:39,996] [INFO] - Closing Browser
[2025-03-27 08:03:04,399] [INFO] - üîπ log4net initialized before test execution.
[2025-03-27 08:03:04,403] [INFO] - Starting Test setup...
[2025-03-27 08:03:11,342] [INFO] - üîπ log4net initialized before test execution.
[2025-03-27 08:03:11,346] [INFO] - Starting Test setup...
[2025-03-27 08:03:14,512] [INFO] - WebDriver initialized...
[2025-03-27 08:03:17,436] [INFO] - Closing Browser
[2025-03-27 12:06:23,943] [INFO] - üîπ log4net initialized before test execution.
[2025-03-27 12:06:23,947] [INFO] - Starting Test setup...
[2025-03-27 12:06:29,013] [INFO] - WebDriver initialized...
[2025-03-27 12:06:37,073] [INFO] - Test 01 for programming language SAP and location Bogota Passed
[2025-03-27 12:06:37,073] [INFO] - Closing Browser
[2025-03-27 12:06:37,217] [INFO] - üîπ log4net initialized before test execution.
[2025-03-27 12:06:37,217] [INFO] - Starting Test setup...
[2025-03-27 12:06:37,239] [INFO] - Closing Browser
[2025-03-27 12:06:37,241] [INFO] - üîπ log4net initialized before test execution.
[2025-03-27 12:06:37,241] [INFO] - Starting Test setup...
[2025-03-27 12:06:37,241] [INFO] - Closing Browser
[2025-03-27 12:40:33,811] [INFO] - üîπ log4net initialized before test execution.
[2025-03-27 12:40:33,816] [INFO] - Starting Test setup...
[2025-03-27 12:41:29,989] [INFO] - üîπ log4net initialized before test execution.
[2025-03-27 12:41:29,993] [INFO] - Starting Test setup...
[2025-03-27 12:43:23,004] [INFO] - üîπ log4net initialized before test execution.
[2025-03-27 12:43:23,009] [INFO] - Starting Test setup...
[2025-03-27 12:46:40,927] [INFO] - WebDriver initialized...
[2025-03-27 12:47:01,246] [ERROR] - TC01 failed!
OpenQA.Selenium.NoSuchElementException: no such element: Unable to locate element: {"method":"css selector","selector":"#new_form_job_search\-keyword"}
  (Session info: chrome=134.0.6998.167); For documentation on this error, please visit: https://www.selenium.dev/documentation/webdriver/troubleshooting/errors#no-such-element-exception
   at OpenQA.Selenium.WebDriver.UnpackAndThrowOnError(Response errorResponse, String commandToExecute)
   at OpenQA.Selenium.WebDriver.ExecuteAsync(String driverCommandToExecute, Dictionary`2 parameters)
   at OpenQA.Selenium.WebDriver.Execute(String driverCommandToExecute, Dictionary`2 parameters)
   at OpenQA.Selenium.WebDriver.FindElement(String mechanism, String value)
   at OpenQA.Selenium.By.<.ctor>b__6_0(ISearchContext context)
   at OpenQA.Selenium.By.FindElement(ISearchContext context)
   at OpenQA.Selenium.WebDriver.FindElement(By by)
   at Business.ApplicationInterface.CareersPage.EnterLanguage(String language) in C:\Users\SM ZONA GEMAER\source\repos\Business\ApplicationInterface\CareersPage.cs:line 36
   at Business.Business.CareersWorkflow.PerformCareerSearch(String language, String location) in C:\Users\SM ZONA GEMAER\source\repos\Business\Business\CareersWorkflow.cs:line 23
   at Task_TestAutomationFramework.TestsCases.TestCases.Test_01(String programmingLanguage, String location) in C:\Users\SM ZONA GEMAER\source\repos\Task_TA_Framework\TestsCases\TestCases.cs:line 24
[2025-03-27 12:47:18,578] [INFO] - Closing Browser
[2025-03-27 12:47:30,207] [INFO] - üîπ log4net initialized before test execution.
[2025-03-27 12:47:30,212] [INFO] - Starting Test setup...
[2025-03-27 12:47:33,453] [INFO] - WebDriver initialized...
[2025-03-27 12:47:41,660] [INFO] - Test 01 for programming language Python and location All Locations Passed
[2025-03-27 12:47:41,661] [INFO] - Closing Browser
[2025-03-27 12:47:56,362] [INFO] - üîπ log4net initialized before test execution.
[2025-03-27 12:47:56,366] [INFO] - Starting Test setup...
[2025-03-27 12:48:17,099] [INFO] - WebDriver initialized...
[2025-03-27 12:49:02,635] [INFO] - Test 01 for programming language Python and location All Locations Passed
[2025-03-27 12:49:08,557] [INFO] - Closing Browser
[2025-03-27 12:50:45,905] [INFO] - üîπ log4net initialized before test execution.
[2025-03-27 12:50:45,911] [INFO] - Starting Test setup...
[2025-03-27 12:51:00,173] [INFO] - WebDriver initialized...
[2025-03-27 12:51:16,959] [INFO] - Test 01 for programming language SAP and location Bogota Passed
[2025-03-27 12:51:21,170] [INFO] - Closing Browser
[2025-03-27 12:51:32,536] [INFO] - üîπ log4net initialized before test execution.
[2025-03-27 12:51:33,690] [INFO] - Starting Test setup...
[2025-03-27 12:52:07,675] [INFO] - Closing Browser
[2025-03-27 12:52:15,505] [INFO] - üîπ log4net initialized before test execution.
[2025-03-27 12:52:16,061] [INFO] - Starting Test setup...
[2025-03-27 12:53:36,607] [INFO] - üîπ log4net initialized before test execution.
[2025-03-27 12:53:36,611] [INFO] - Starting Test setup...
[2025-03-27 12:53:40,524] [INFO] - WebDriver initialized...
[2025-03-27 12:53:47,201] [INFO] - Test 01 for programming language SAP and location Bogota Passed
[2025-03-27 12:53:47,202] [INFO] - Closing Browser
[2025-03-27 12:53:47,340] [INFO] - üîπ log4net initialized before test execution.
[2025-03-27 12:53:47,340] [INFO] - Starting Test setup...
[2025-03-27 12:53:50,960] [INFO] - WebDriver initialized...
[2025-03-27 12:53:58,879] [INFO] - Test 01 for programming language Python and location All Locations Passed
[2025-03-27 12:53:58,879] [INFO] - Closing Browser
[2025-03-27 12:53:59,023] [INFO] - üîπ log4net initialized before test execution.
[2025-03-27 12:53:59,023] [INFO] - Starting Test setup...
[2025-03-27 12:54:02,151] [INFO] - WebDriver initialized...
[2025-03-27 12:54:08,940] [INFO] - Test 01 for programming language C# and location Greece Passed
[2025-03-27 12:54:08,940] [INFO] - Closing Browser
[2025-03-27 12:54:16,769] [INFO] - üîπ log4net initialized before test execution.
[2025-03-27 12:54:16,773] [INFO] - Starting Test setup...
[2025-03-27 12:54:19,494] [INFO] - WebDriver initialized...
[2025-03-27 12:54:25,333] [INFO] - Test 01 for programming language SAP and location Bogota Passed
[2025-03-27 12:54:25,333] [INFO] - Closing Browser
[2025-03-27 12:54:25,487] [INFO] - üîπ log4net initialized before test execution.
[2025-03-27 12:54:25,487] [INFO] - Starting Test setup...
[2025-03-27 12:54:27,712] [INFO] - WebDriver initialized...
[2025-03-27 12:54:34,687] [INFO] - Test 01 for programming language Python and location All Locations Passed
[2025-03-27 12:54:34,687] [INFO] - Closing Browser
[2025-03-27 12:54:34,817] [INFO] - üîπ log4net initialized before test execution.
[2025-03-27 12:54:34,817] [INFO] - Starting Test setup...
[2025-03-27 12:54:37,003] [INFO] - WebDriver initialized...
[2025-03-27 12:54:43,090] [INFO] - Test 01 for programming language C# and location Greece Passed
[2025-03-27 12:54:43,090] [INFO] - Closing Browser
[2025-03-27 12:54:50,342] [INFO] - üîπ log4net initialized before test execution.
[2025-03-27 12:54:50,346] [INFO] - Starting Test setup...
[2025-03-27 12:54:53,532] [INFO] - WebDriver initialized...
[2025-03-27 12:54:59,375] [INFO] - Test 01 for programming language SAP and location Bogota Passed
[2025-03-27 12:54:59,376] [INFO] - Closing Browser
[2025-03-27 12:54:59,529] [INFO] - üîπ log4net initialized before test execution.
[2025-03-27 12:54:59,529] [INFO] - Starting Test setup...
[2025-03-27 12:55:02,716] [INFO] - WebDriver initialized...
[2025-03-27 12:55:08,982] [INFO] - Test 01 for programming language Python and location All Locations Passed
[2025-03-27 12:55:08,982] [INFO] - Closing Browser
[2025-03-27 12:55:09,121] [INFO] - üîπ log4net initialized before test execution.
[2025-03-27 12:55:09,121] [INFO] - Starting Test setup...
[2025-03-27 12:55:12,245] [INFO] - WebDriver initialized...
[2025-03-27 12:55:18,740] [INFO] - Test 01 for programming language C# and location Greece Passed
[2025-03-27 12:55:18,741] [INFO] - Closing Browser
[2025-03-27 12:55:18,875] [INFO] - üîπ log4net initialized before test execution.
[2025-03-27 12:55:18,875] [INFO] - Starting Test setup...
[2025-03-27 12:55:21,932] [INFO] - WebDriver initialized...
[2025-03-27 12:56:35,335] [INFO] - Closing Browser
[2025-03-27 12:56:35,488] [INFO] - üîπ log4net initialized before test execution.
[2025-03-27 12:56:35,488] [INFO] - Starting Test setup...
[2025-03-27 12:56:38,429] [INFO] - WebDriver initialized...
[2025-03-27 12:56:47,124] [INFO] - Closing Browser
[2025-03-27 12:56:47,251] [INFO] - üîπ log4net initialized before test execution.
[2025-03-27 12:56:47,251] [INFO] - Starting Test setup...
[2025-03-27 12:56:50,986] [INFO] - WebDriver initialized...
[2025-03-27 12:57:42,299] [INFO] - Closing Browser
[2025-03-27 12:57:42,438] [INFO] - üîπ log4net initialized before test execution.
[2025-03-27 12:57:42,438] [INFO] - Starting Test setup...
[2025-03-27 12:57:45,806] [INFO] - WebDriver initialized...
[2025-03-27 12:57:50,678] [INFO] - Closing Browser
[2025-03-27 12:57:50,826] [INFO] - üîπ log4net initialized before test execution.
[2025-03-27 12:57:50,826] [INFO] - Starting Test setup...
[2025-03-27 12:57:53,874] [INFO] - WebDriver initialized...
[2025-03-27 12:57:58,393] [INFO] - Closing Browser
[2025-03-27 13:03:10,610] [INFO] - üîπ log4net initialized before test execution.
[2025-03-27 13:03:10,613] [INFO] - Starting Test setup...
[2025-03-27 13:03:24,994] [INFO] - WebDriver initialized...
[2025-03-27 13:03:32,422] [INFO] - Test 01 for programming language SAP and location Bogota Passed
[2025-03-27 13:03:32,423] [INFO] - Closing Browser
[2025-03-27 13:03:33,675] [INFO] - üîπ log4net initialized before test execution.
[2025-03-27 13:03:33,675] [INFO] - Starting Test setup...
[2025-03-27 13:03:37,852] [INFO] - WebDriver initialized...
[2025-03-27 13:03:45,569] [INFO] - Test 01 for programming language Python and location All Locations Passed
[2025-03-27 13:03:45,569] [INFO] - Closing Browser
[2025-03-27 13:03:46,812] [INFO] - üîπ log4net initialized before test execution.
[2025-03-27 13:03:46,812] [INFO] - Starting Test setup...
[2025-03-27 13:03:49,886] [INFO] - WebDriver initialized...
[2025-03-27 13:03:56,820] [INFO] - Test 01 for programming language C# and location Greece Passed
[2025-03-27 13:03:56,820] [INFO] - Closing Browser
[2025-03-27 13:03:58,045] [INFO] - üîπ log4net initialized before test execution.
[2025-03-27 13:03:58,045] [INFO] - Starting Test setup...
[2025-03-27 13:04:01,359] [INFO] - WebDriver initialized...
[2025-03-27 13:05:16,767] [INFO] - Closing Browser
[2025-03-27 13:05:17,991] [INFO] - üîπ log4net initialized before test execution.
[2025-03-27 13:05:17,991] [INFO] - Starting Test setup...
[2025-03-27 13:05:21,576] [INFO] - WebDriver initialized...
[2025-03-27 13:05:35,064] [INFO] - Closing Browser
[2025-03-27 13:05:36,282] [INFO] - üîπ log4net initialized before test execution.
[2025-03-27 13:05:36,282] [INFO] - Starting Test setup...
[2025-03-27 13:05:39,713] [INFO] - WebDriver initialized...
[2025-03-27 13:06:22,918] [INFO] - Closing Browser
[2025-03-27 13:06:24,143] [INFO] - üîπ log4net initialized before test execution.
[2025-03-27 13:06:24,143] [INFO] - Starting Test setup...
[2025-03-27 13:06:27,378] [INFO] - WebDriver initialized...
[2025-03-27 13:06:31,011] [INFO] - Closing Browser
[2025-03-27 13:06:32,279] [INFO] - üîπ log4net initialized before test execution.
[2025-03-27 13:06:32,279] [INFO] - Starting Test setup...
[2025-03-27 13:06:35,417] [INFO] - WebDriver initialized...
[2025-03-27 13:06:40,791] [INFO] - Closing Browser
[2025-03-27 13:38:08,494] [INFO] - üîπ log4net initialized before test execution.
[2025-03-27 13:38:08,498] [INFO] - Starting Test setup...
[2025-03-27 13:38:12,918] [INFO] - WebDriver initialized...
[2025-03-27 13:38:16,787] [INFO] - Closing Browser
[2025-03-27 13:38:16,933] [INFO] - üîπ log4net initialized before test execution.
[2025-03-27 13:38:16,933] [INFO] - Starting Test setup...
[2025-03-27 13:38:20,645] [INFO] - WebDriver initialized...
[2025-03-27 13:38:26,675] [INFO] - Closing Browser
[2025-03-27 15:04:03,307] [INFO] - üîπ log4net initialized before test execution.
[2025-03-27 15:04:03,311] [INFO] - Starting Test setup...
[2025-03-27 15:04:07,048] [INFO] - WebDriver initialized...
[2025-03-27 15:04:14,553] [INFO] - Test 01 for programming language SAP and location Bogota Passed
[2025-03-27 15:04:14,554] [INFO] - Closing Browser
[2025-03-27 15:04:14,682] [INFO] - üîπ log4net initialized before test execution.
[2025-03-27 15:04:14,682] [INFO] - Starting Test setup...
[2025-03-27 15:04:17,841] [INFO] - WebDriver initialized...
[2025-03-27 15:04:24,390] [INFO] - Test 01 for programming language Python and location All Locations Passed
[2025-03-27 15:04:24,390] [INFO] - Closing Browser
[2025-03-27 15:04:24,539] [INFO] - üîπ log4net initialized before test execution.
[2025-03-27 15:04:24,539] [INFO] - Starting Test setup...
[2025-03-27 15:04:28,634] [INFO] - WebDriver initialized...
[2025-03-27 15:04:36,080] [INFO] - Test 01 for programming language C# and location Greece Passed
[2025-03-27 15:04:36,080] [INFO] - Closing Browser
[2025-03-27 15:04:36,222] [INFO] - üîπ log4net initialized before test execution.
[2025-03-27 15:04:36,222] [INFO] - Starting Test setup...
[2025-03-27 15:04:39,544] [INFO] - WebDriver initialized...
[2025-03-27 15:05:54,114] [INFO] - Closing Browser
[2025-03-27 15:05:54,253] [INFO] - üîπ log4net initialized before test execution.
[2025-03-27 15:05:54,253] [INFO] - Starting Test setup...
[2025-03-27 15:05:57,786] [INFO] - WebDriver initialized...
[2025-03-27 15:06:06,614] [INFO] - Closing Browser
[2025-03-27 15:06:06,775] [INFO] - üîπ log4net initialized before test execution.
[2025-03-27 15:06:06,775] [INFO] - Starting Test setup...
[2025-03-27 15:06:10,183] [INFO] - WebDriver initialized...
[2025-03-27 15:06:53,007] [INFO] - Closing Browser
[2025-03-27 15:06:53,162] [INFO] - üîπ log4net initialized before test execution.
[2025-03-27 15:06:53,162] [INFO] - Starting Test setup...
[2025-03-27 15:06:57,886] [INFO] - WebDriver initialized...
[2025-03-27 15:07:01,682] [INFO] - Closing Browser
[2025-03-27 15:07:01,813] [INFO] - üîπ log4net initialized before test execution.
[2025-03-27 15:07:01,813] [INFO] - Starting Test setup...
[2025-03-27 15:07:04,930] [INFO] - WebDriver initialized...
[2025-03-27 15:07:09,505] [INFO] - Closing Browser
[2025-03-27 21:30:12,437] [INFO] - üîπ log4net initialized before test execution.
[2025-03-27 21:30:12,441] [INFO] - Starting Test setup...
[2025-03-27 21:30:17,223] [INFO] - WebDriver initialized...
[2025-03-27 21:30:17,925] [INFO] - Initializing Careers Page Instance
[2025-03-27 21:30:25,168] [INFO] - Test 01 for programming language C# and location Greece Passed
[2025-03-27 21:30:25,168] [INFO] - Closing Browser
[2025-03-27 21:33:10,281] [INFO] - üîπ log4net initialized before test execution.
[2025-03-27 21:33:10,285] [INFO] - Starting Test setup...
[2025-03-27 21:33:13,398] [INFO] - WebDriver initialized...
[2025-03-27 21:33:14,046] [INFO] - Initializing Careers Page Instance...
[2025-03-27 21:33:19,570] [INFO] - Test 01 for programming language C# and location Greece Passed
[2025-03-27 21:33:19,571] [INFO] - Closing Browser
[2025-03-27 21:34:06,900] [INFO] - üîπ log4net initialized before test execution.
[2025-03-27 21:34:06,904] [INFO] - Starting Test setup...
[2025-03-27 21:34:10,059] [INFO] - WebDriver initialized...
[2025-03-27 21:34:11,235] [INFO] - Initializing Careers Page Instance...
[2025-03-27 21:34:17,836] [INFO] - Perform Career Search Failed Executed Successfully
[2025-03-27 21:34:17,837] [INFO] - Test 01 for programming language C# and location Greece Passed
[2025-03-27 21:34:17,838] [INFO] - Closing Browser
[2025-03-27 21:38:51,530] [INFO] - üîπ log4net initialized before test execution.
[2025-03-27 21:38:51,533] [INFO] - Starting Test setup...
[2025-03-27 21:38:55,092] [INFO] - WebDriver initialized...
[2025-03-27 21:38:55,743] [INFO] - Initializing Careers Page Instance...
[2025-03-27 21:39:02,487] [DEBUG] - Latest job position search performed
[2025-03-27 21:39:02,553] [DEBUG] - Programming language search executed
[2025-03-27 21:39:02,553] [INFO] - Perform Career Search Failed Executed Successfully
[2025-03-27 21:39:02,553] [INFO] - Test 01 for programming language C# and location Greece Passed
[2025-03-27 21:39:02,554] [INFO] - Closing Browser
[2025-03-27 21:40:19,963] [INFO] - üîπ log4net initialized before test execution.
[2025-03-27 21:40:19,967] [INFO] - Starting Test setup...
[2025-03-27 21:40:22,846] [INFO] - WebDriver initialized...
[2025-03-27 21:40:24,014] [INFO] - Initializing Careers Page Instance...
[2025-03-27 21:40:24,029] [ERROR] - Perform Career Search Failedno such element: Unable to locate element: {"method":"xpath","selector":"//li[@class='to-navigation__item epam'][5]"}
  (Session info: chrome=134.0.6998.167); For documentation on this error, please visit: https://www.selenium.dev/documentation/webdriver/troubleshooting/errors#no-such-element-exception
[2025-03-27 21:40:24,029] [ERROR] - TC01 failed!
OpenQA.Selenium.NoSuchElementException: no such element: Unable to locate element: {"method":"xpath","selector":"//li[@class='to-navigation__item epam'][5]"}
  (Session info: chrome=134.0.6998.167); For documentation on this error, please visit: https://www.selenium.dev/documentation/webdriver/troubleshooting/errors#no-such-element-exception
   at OpenQA.Selenium.WebDriver.UnpackAndThrowOnError(Response errorResponse, String commandToExecute)
   at OpenQA.Selenium.WebDriver.ExecuteAsync(String driverCommandToExecute, Dictionary`2 parameters)
   at OpenQA.Selenium.WebDriver.Execute(String driverCommandToExecute, Dictionary`2 parameters)
   at OpenQA.Selenium.WebDriver.FindElement(String mechanism, String value)
   at OpenQA.Selenium.By.<.ctor>b__6_0(ISearchContext context)
   at OpenQA.Selenium.By.FindElement(ISearchContext context)
   at OpenQA.Selenium.WebDriver.FindElement(By by)
   at Business.ApplicationInterface.CareersPage.ClickCareersBttn() in C:\Users\SM ZONA GEMAER\source\repos\Business\ApplicationInterface\CareersPage.cs:line 32
   at Business.Business.CareersWorkflow.PerformCareerSearch(String language, String location) in C:\Users\SM ZONA GEMAER\source\repos\Business\Business\CareersWorkflow.cs:line 27
   at Task_TestAutomationFramework.TestsCases.TestCases.Test_01(String programmingLanguage, String location) in C:\Users\SM ZONA GEMAER\source\repos\Task_TA_Framework\TestsCases\TestCases.cs:line 24
[2025-03-27 21:40:24,058] [INFO] - Closing Browser
[2025-03-27 21:40:43,741] [INFO] - üîπ log4net initialized before test execution.
[2025-03-27 21:40:43,745] [INFO] - Starting Test setup...
[2025-03-27 21:40:46,567] [INFO] - WebDriver initialized...
[2025-03-27 21:40:47,212] [INFO] - Initializing Careers Page Instance...
[2025-03-27 21:40:54,483] [DEBUG] - Latest job position search performed...
[2025-03-27 21:40:54,632] [DEBUG] - Programming language search executed...
[2025-03-27 21:40:54,632] [INFO] - Perform Career Search ..Executed Successfully
[2025-03-27 21:40:54,633] [INFO] - Test 01 for programming language Python and location All Locations Passed
[2025-03-27 21:40:54,633] [INFO] - Closing Browser
[2025-03-27 21:43:16,184] [INFO] - üîπ log4net initialized before test execution.
[2025-03-27 21:43:16,188] [INFO] - Starting Test setup...
[2025-03-27 21:43:16,987] [INFO] - Creating new instance of OpenQA.Selenium.Chrome.ChromeDriver
[2025-03-27 21:43:18,913] [INFO] - WebDriver initialized...
[2025-03-27 21:43:18,924] [INFO] - Executing Cookie handler function...
[2025-03-27 21:43:19,590] [INFO] - Initializing Careers Page Instance...
[2025-03-27 21:43:25,792] [DEBUG] - Latest job position search performed...
[2025-03-27 21:43:25,895] [DEBUG] - Programming language search executed...
[2025-03-27 21:43:25,895] [INFO] - Perform Career Search ..Executed Successfully
[2025-03-27 21:43:25,895] [INFO] - Test 01 for programming language SAP and location Bogota Passed
[2025-03-27 21:43:25,896] [INFO] - Closing Browser
[2025-03-27 21:53:39,602] [INFO] - üîπ log4net initialized before test execution.
[2025-03-27 21:53:39,606] [INFO] - Starting Test setup...
[2025-03-27 21:53:42,821] [INFO] - WebDriver initialized...
[2025-03-27 21:53:43,495] [INFO] - Initializing About Page Instance...
[2025-03-27 21:53:47,991] [INFO] - Perform File Download..Executed Successfully
[2025-03-27 21:53:47,993] [INFO] - Closing Browser
[2025-03-27 21:55:02,555] [INFO] - üîπ log4net initialized before test execution.
[2025-03-27 21:55:02,560] [INFO] - Starting Test setup...
[2025-03-27 21:55:06,762] [INFO] - WebDriver initialized...
[2025-03-27 21:55:07,428] [INFO] - Initializing About Page Instance...
[2025-03-27 21:55:10,200] [INFO] - Perform File Download..Executed Successfully
[2025-03-27 21:55:10,203] [INFO] - ‚úÖ File EPAM_Corporate_Overview_Q4FY-2024.pdf deleted successfully.
[2025-03-27 21:55:10,204] [INFO] - Closing Browser
[2025-03-27 21:57:56,457] [INFO] - üîπ log4net initialized before test execution.
[2025-03-27 21:57:56,461] [INFO] - Starting Test setup...
[2025-03-27 21:57:58,406] [INFO] - WebDriver initialized...
[2025-03-27 21:58:00,155] [INFO] - Initializing About Page Instance...
[2025-03-27 21:58:03,038] [INFO] - Perform File Download..Executed Successfully
[2025-03-27 21:58:03,041] [ERROR] - ‚ùå Could not delete EPAM_Corporate_Overview_Q4FY-2024.pdf: The process cannot access the file 'C:\Users\SM ZONA GEMAER\Downloads\EPAM_Corporate_Overview_Q4FY-2024.pdf' because it is being used by another process.
[2025-03-27 21:58:03,042] [INFO] - Closing Browser
[2025-03-27 22:00:35,669] [INFO] - üîπ log4net initialized before test execution.
[2025-03-27 22:00:35,673] [INFO] - Starting Test setup...
[2025-03-27 22:00:39,228] [INFO] - WebDriver initialized...
[2025-03-27 22:00:40,438] [INFO] - Initializing About Page Instance...
[2025-03-27 22:00:42,822] [INFO] - Perform File Download..Executed Successfully
[2025-03-27 22:00:42,839] [INFO] - ‚úÖ File EPAM_Corporate_Overview_Q4FY-2024.pdf deleted successfully.
[2025-03-27 22:00:42,840] [INFO] - Closing Browser
[2025-03-27 22:01:49,770] [INFO] - üîπ log4net initialized before test execution.
[2025-03-27 22:01:49,774] [INFO] - Starting Test setup...
[2025-03-27 22:01:52,631] [INFO] - WebDriver initialized...
[2025-03-27 22:01:53,798] [INFO] - Initializing About Page Instance...
[2025-03-27 22:01:56,603] [INFO] - Perform File Download..Executed Successfully
[2025-03-27 22:01:56,623] [INFO] - Closed Acrobat
[2025-03-27 22:01:56,634] [INFO] - Closed Acrobat
[2025-03-27 22:01:56,637] [INFO] - ‚úÖ File EPAM_Corporate_Overview_Q4FY-2024.pdf deleted successfully.
[2025-03-27 22:01:56,638] [INFO] - Closing Browser
[2025-03-27 22:05:13,274] [INFO] - üîπ log4net initialized before test execution.
[2025-03-27 22:05:13,278] [INFO] - Starting Test setup...
[2025-03-27 22:05:16,394] [INFO] - WebDriver initialized...
[2025-03-27 22:05:17,045] [INFO] - Initializing About Page Instance...
[2025-03-27 22:05:20,484] [INFO] - Perform File Download..Executed Successfully
[2025-03-27 22:05:20,520] [INFO] - Closed Acrobat
[2025-03-27 22:05:20,539] [INFO] - Closed Acrobat
[2025-03-27 22:05:20,544] [INFO] - ‚úÖ File EPAM_Corporate_Overview_Q4FY-2024.pdf deleted successfully.
[2025-03-27 22:05:20,546] [INFO] - Closing Browser
[2025-03-27 22:24:32,098] [INFO] - üîπ log4net initialized before test execution.
[2025-03-27 22:24:32,102] [INFO] - Starting Test setup...
[2025-03-27 22:24:35,750] [INFO] - WebDriver initialized...
[2025-03-27 22:24:36,918] [INFO] - Initializing Insights Page Instance...
[2025-03-27 22:24:39,950] [INFO] - Article Name Retireved Successfully...
[2025-03-27 22:24:41,037] [INFO] - Actual Title retrieved Successfully...
[2025-03-27 22:24:41,062] [INFO] - Closing Browser
[2025-03-27 22:26:55,622] [INFO] - üîπ log4net initialized before test execution.
[2025-03-27 22:26:55,626] [INFO] - Starting Test setup...
[2025-03-27 22:27:00,518] [INFO] - WebDriver initialized...
[2025-03-27 22:27:01,192] [INFO] - Initializing Insights Page Instance...
[2025-03-27 22:27:04,098] [INFO] - Article Name Retireved Successfully...
[2025-03-27 22:27:05,155] [INFO] - Actual Title retrieved Successfully...
[2025-03-27 22:27:05,180] [INFO] - TC04 Executed Succcessfully
[2025-03-27 22:27:05,180] [INFO] - Closing Browser
[2025-03-27 22:46:54,168] [INFO] - üîπ log4net initialized before test execution.
[2025-03-27 22:46:54,172] [INFO] - Starting Test setup...
[2025-03-27 22:46:57,352] [INFO] - WebDriver initialized...
[2025-03-27 22:46:58,528] [INFO] - Initializing Search Page Instance...
[2025-03-27 22:48:12,367] [INFO] - Links text extraction performed...
[2025-03-27 22:48:12,368] [INFO] - Links text Validation Performed...
[2025-03-27 22:48:12,390] [ERROR] - TC02 Failed!
NUnit.Framework.AssertionException:   Expected: True
  But was:  False

   at NUnit.Framework.Assert.ReportFailure(String message)
   at NUnit.Framework.Assert.ReportFailure(ConstraintResult result, String message, Object[] args)
   at NUnit.Framework.Assert.That[TActual](TActual actual, IResolveConstraint expression, String message, Object[] args)
   at NUnit.Framework.Assert.IsTrue(Boolean condition)
   at Task_TestAutomationFramework.TestsCases.TestCases.Test_02(String searchString) in C:\Users\SM ZONA GEMAER\source\repos\Task_TA_Framework\TestsCases\TestCases.cs:line 63
[2025-03-27 22:48:12,394] [INFO] - Closing Browser
[2025-03-27 22:48:12,544] [INFO] - üîπ log4net initialized before test execution.
[2025-03-27 22:48:12,544] [INFO] - Starting Test setup...
[2025-03-27 22:48:16,568] [INFO] - WebDriver initialized...
[2025-03-27 22:48:17,207] [INFO] - Initializing Search Page Instance...
[2025-03-27 22:48:25,219] [INFO] - Links text extraction performed...
[2025-03-27 22:48:25,219] [INFO] - Links text Validation Performed...
[2025-03-27 22:48:25,220] [ERROR] - TC02 Failed!
NUnit.Framework.AssertionException:   Expected: True
  But was:  False

   at NUnit.Framework.Assert.ReportFailure(String message)
   at NUnit.Framework.Assert.ReportFailure(ConstraintResult result, String message, Object[] args)
   at NUnit.Framework.Assert.That[TActual](TActual actual, IResolveConstraint expression, String message, Object[] args)
   at NUnit.Framework.Assert.IsTrue(Boolean condition)
   at Task_TestAutomationFramework.TestsCases.TestCases.Test_02(String searchString) in C:\Users\SM ZONA GEMAER\source\repos\Task_TA_Framework\TestsCases\TestCases.cs:line 63
[2025-03-27 22:48:25,220] [INFO] - Closing Browser
[2025-03-27 22:48:25,361] [INFO] - üîπ log4net initialized before test execution.
[2025-03-27 22:48:25,361] [INFO] - Starting Test setup...
[2025-03-27 22:48:28,560] [INFO] - WebDriver initialized...
[2025-03-27 22:48:29,718] [INFO] - Initializing Search Page Instance...
[2025-03-27 22:49:11,936] [INFO] - Links text extraction performed...
[2025-03-27 22:49:11,936] [INFO] - Links text Validation Performed...
[2025-03-27 22:49:11,936] [ERROR] - TC02 Failed!
NUnit.Framework.AssertionException:   Expected: True
  But was:  False

   at NUnit.Framework.Assert.ReportFailure(String message)
   at NUnit.Framework.Assert.ReportFailure(ConstraintResult result, String message, Object[] args)
   at NUnit.Framework.Assert.That[TActual](TActual actual, IResolveConstraint expression, String message, Object[] args)
   at NUnit.Framework.Assert.IsTrue(Boolean condition)
   at Task_TestAutomationFramework.TestsCases.TestCases.Test_02(String searchString) in C:\Users\SM ZONA GEMAER\source\repos\Task_TA_Framework\TestsCases\TestCases.cs:line 63
[2025-03-27 22:49:11,937] [INFO] - Closing Browser
[2025-03-27 23:07:14,477] [INFO] - üîπ log4net initialized before test execution.
[2025-03-27 23:07:14,481] [INFO] - Starting Test setup...
[2025-03-27 23:07:17,423] [INFO] - WebDriver initialized...
[2025-03-27 23:07:17,437] [INFO] - Executing Cookie handler function...
[2025-03-27 23:07:18,103] [INFO] - Initializing Careers Page Instance...
[2025-03-27 23:07:25,835] [DEBUG] - Latest job position search performed...
[2025-03-27 23:07:26,071] [DEBUG] - Programming language search executed...
[2025-03-27 23:07:26,071] [INFO] - Perform Career Search ..Executed Successfully
[2025-03-27 23:07:26,071] [INFO] - Test 01 for programming language SAP and location Bogota Passed
[2025-03-27 23:07:26,071] [INFO] - TC01 Executed Succcessfully
[2025-03-27 23:07:26,072] [INFO] - Closing Browser
[2025-03-27 23:07:26,217] [INFO] - üîπ log4net initialized before test execution.
[2025-03-27 23:07:26,217] [INFO] - Starting Test setup...
[2025-03-27 23:07:29,603] [INFO] - WebDriver initialized...
[2025-03-27 23:07:29,603] [INFO] - Executing Cookie handler function...
[2025-03-27 23:07:30,757] [INFO] - Initializing Careers Page Instance...
[2025-03-27 23:07:38,559] [DEBUG] - Latest job position search performed...
[2025-03-27 23:07:38,754] [DEBUG] - Programming language search executed...
[2025-03-27 23:07:38,755] [INFO] - Perform Career Search ..Executed Successfully
[2025-03-27 23:07:38,755] [INFO] - Test 01 for programming language Python and location All Locations Passed
[2025-03-27 23:07:38,755] [INFO] - TC01 Executed Succcessfully
[2025-03-27 23:07:38,755] [INFO] - Closing Browser
[2025-03-27 23:07:38,906] [INFO] - üîπ log4net initialized before test execution.
[2025-03-27 23:07:38,907] [INFO] - Starting Test setup...
[2025-03-27 23:07:42,038] [INFO] - WebDriver initialized...
[2025-03-27 23:07:42,038] [INFO] - Executing Cookie handler function...
[2025-03-27 23:07:43,208] [INFO] - Initializing Careers Page Instance...
[2025-03-27 23:07:49,698] [DEBUG] - Latest job position search performed...
[2025-03-27 23:07:49,763] [DEBUG] - Programming language search executed...
[2025-03-27 23:07:49,763] [INFO] - Perform Career Search ..Executed Successfully
[2025-03-27 23:07:49,763] [INFO] - Test 01 for programming language C# and location Greece Passed
[2025-03-27 23:07:49,763] [INFO] - TC01 Executed Succcessfully
[2025-03-27 23:07:49,763] [INFO] - Closing Browser
[2025-03-27 23:07:49,918] [INFO] - üîπ log4net initialized before test execution.
[2025-03-27 23:07:49,918] [INFO] - Starting Test setup...
[2025-03-27 23:07:52,936] [INFO] - WebDriver initialized...
[2025-03-27 23:07:53,594] [INFO] - Initializing Search Page Instance...
[2025-03-27 23:09:09,624] [INFO] - Links text extraction performed...
[2025-03-27 23:09:09,624] [INFO] - Links text Validation Performed...
[2025-03-27 23:09:09,637] [ERROR] - TC02 Failed!
NUnit.Framework.AssertionException:   Expected: True
  But was:  False

   at NUnit.Framework.Assert.ReportFailure(String message)
   at NUnit.Framework.Assert.ReportFailure(ConstraintResult result, String message, Object[] args)
   at NUnit.Framework.Assert.That[TActual](TActual actual, IResolveConstraint expression, String message, Object[] args)
   at NUnit.Framework.Assert.IsTrue(Boolean condition)
   at Task_TestAutomationFramework.TestsCases.TestCases.Test_02(String searchString) in C:\Users\SM ZONA GEMAER\source\repos\Task_TA_Framework\TestsCases\TestCases.cs:line 63
[2025-03-27 23:09:09,641] [INFO] - Closing Browser
[2025-03-27 23:09:09,795] [INFO] - üîπ log4net initialized before test execution.
[2025-03-27 23:09:09,795] [INFO] - Starting Test setup...
[2025-03-27 23:09:12,909] [INFO] - WebDriver initialized...
[2025-03-27 23:09:14,101] [INFO] - Initializing Search Page Instance...
[2025-03-27 23:09:22,337] [INFO] - Links text extraction performed...
[2025-03-27 23:09:22,337] [INFO] - Links text Validation Performed...
[2025-03-27 23:09:22,339] [ERROR] - TC02 Failed!
NUnit.Framework.AssertionException:   Expected: True
  But was:  False

   at NUnit.Framework.Assert.ReportFailure(String message)
   at NUnit.Framework.Assert.ReportFailure(ConstraintResult result, String message, Object[] args)
   at NUnit.Framework.Assert.That[TActual](TActual actual, IResolveConstraint expression, String message, Object[] args)
   at NUnit.Framework.Assert.IsTrue(Boolean condition)
   at Task_TestAutomationFramework.TestsCases.TestCases.Test_02(String searchString) in C:\Users\SM ZONA GEMAER\source\repos\Task_TA_Framework\TestsCases\TestCases.cs:line 63
[2025-03-27 23:09:22,339] [INFO] - Closing Browser
[2025-03-27 23:09:22,500] [INFO] - üîπ log4net initialized before test execution.
[2025-03-27 23:09:22,501] [INFO] - Starting Test setup...
[2025-03-27 23:09:26,043] [INFO] - WebDriver initialized...
[2025-03-27 23:09:26,695] [INFO] - Initializing Search Page Instance...
[2025-03-27 23:10:09,555] [INFO] - Links text extraction performed...
[2025-03-27 23:10:09,555] [INFO] - Links text Validation Performed...
[2025-03-27 23:10:09,556] [ERROR] - TC02 Failed!
NUnit.Framework.AssertionException:   Expected: True
  But was:  False

   at NUnit.Framework.Assert.ReportFailure(String message)
   at NUnit.Framework.Assert.ReportFailure(ConstraintResult result, String message, Object[] args)
   at NUnit.Framework.Assert.That[TActual](TActual actual, IResolveConstraint expression, String message, Object[] args)
   at NUnit.Framework.Assert.IsTrue(Boolean condition)
   at Task_TestAutomationFramework.TestsCases.TestCases.Test_02(String searchString) in C:\Users\SM ZONA GEMAER\source\repos\Task_TA_Framework\TestsCases\TestCases.cs:line 63
[2025-03-27 23:10:09,556] [INFO] - Closing Browser
[2025-03-27 23:10:09,713] [INFO] - üîπ log4net initialized before test execution.
[2025-03-27 23:10:09,713] [INFO] - Starting Test setup...
[2025-03-27 23:10:12,719] [INFO] - WebDriver initialized...
[2025-03-27 23:10:13,367] [INFO] - Initializing About Page Instance...
[2025-03-27 23:10:16,495] [INFO] - Perform File Download..Executed Successfully
[2025-03-27 23:10:16,495] [INFO] - TC03 Executed Succcessfully
[2025-03-27 23:10:16,517] [INFO] - Closed Acrobat
[2025-03-27 23:10:16,530] [INFO] - Closed Acrobat
[2025-03-27 23:10:16,532] [INFO] - ‚úÖ File EPAM_Corporate_Overview_Q4FY-2024.pdf deleted successfully.
[2025-03-27 23:10:16,533] [INFO] - Closing Browser
[2025-03-27 23:10:16,675] [INFO] - üîπ log4net initialized before test execution.
[2025-03-27 23:10:16,675] [INFO] - Starting Test setup...
[2025-03-27 23:10:18,925] [INFO] - WebDriver initialized...
[2025-03-27 23:10:20,579] [INFO] - Initializing Insights Page Instance...
[2025-03-27 23:10:23,448] [INFO] - Article Name Retireved Successfully...
[2025-03-27 23:10:24,951] [INFO] - Actual Title retrieved Successfully...
[2025-03-27 23:10:24,975] [INFO] - TC04 Executed Succcessfully
[2025-03-27 23:10:24,976] [INFO] - Closing Browser
[2025-03-27 23:12:14,056] [INFO] - üîπ log4net initialized before test execution.
[2025-03-27 23:12:14,061] [INFO] - Starting Test setup...
[2025-03-27 23:12:17,656] [INFO] - WebDriver initialized...
[2025-03-27 23:12:17,670] [INFO] - Executing Cookie handler function...
[2025-03-27 23:12:18,344] [INFO] - Initializing Careers Page Instance...
[2025-03-27 23:12:23,879] [DEBUG] - Latest job position search performed...
[2025-03-27 23:12:23,958] [DEBUG] - Programming language search executed...
[2025-03-27 23:12:23,958] [INFO] - Perform Career Search ..Executed Successfully
[2025-03-27 23:12:23,959] [INFO] - Test 01 for programming language SAP and location Bogota Passed
[2025-03-27 23:12:23,959] [INFO] - TC01 Executed Succcessfully
[2025-03-27 23:12:23,960] [INFO] - Closing Browser
[2025-03-27 23:12:24,122] [INFO] - üîπ log4net initialized before test execution.
[2025-03-27 23:12:24,122] [INFO] - Starting Test setup...
[2025-03-27 23:12:27,188] [INFO] - WebDriver initialized...
[2025-03-27 23:12:27,188] [INFO] - Executing Cookie handler function...
[2025-03-27 23:12:27,843] [INFO] - Initializing Careers Page Instance...
[2025-03-27 23:12:33,193] [DEBUG] - Latest job position search performed...
[2025-03-27 23:12:34,274] [DEBUG] - Programming language search executed...
[2025-03-27 23:12:34,274] [INFO] - Perform Career Search ..Executed Successfully
[2025-03-27 23:12:34,274] [INFO] - Test 01 for programming language Python and location All Locations Passed
[2025-03-27 23:12:34,274] [INFO] - TC01 Executed Succcessfully
[2025-03-27 23:12:34,274] [INFO] - Closing Browser
[2025-03-27 23:12:34,417] [INFO] - üîπ log4net initialized before test execution.
[2025-03-27 23:12:34,417] [INFO] - Starting Test setup...
[2025-03-27 23:12:37,811] [INFO] - WebDriver initialized...
[2025-03-27 23:12:37,811] [INFO] - Executing Cookie handler function...
[2025-03-27 23:12:38,991] [INFO] - Initializing Careers Page Instance...
[2025-03-27 23:12:43,099] [DEBUG] - Latest job position search performed...
[2025-03-27 23:12:43,804] [DEBUG] - Programming language search executed...
[2025-03-27 23:12:43,804] [INFO] - Perform Career Search ..Executed Successfully
[2025-03-27 23:12:43,804] [INFO] - Test 01 for programming language C# and location Greece Passed
[2025-03-27 23:12:43,804] [INFO] - TC01 Executed Succcessfully
[2025-03-27 23:12:43,805] [INFO] - Closing Browser
[2025-03-27 23:12:43,946] [INFO] - üîπ log4net initialized before test execution.
[2025-03-27 23:12:43,946] [INFO] - Starting Test setup...
[2025-03-27 23:12:47,109] [INFO] - WebDriver initialized...
[2025-03-27 23:12:48,302] [INFO] - Initializing Search Page Instance...
[2025-03-27 23:14:02,540] [INFO] - Links text extraction performed...
[2025-03-27 23:14:02,541] [INFO] - Links text Validation Performed...
[2025-03-27 23:14:02,563] [ERROR] - TC02 Failed!
NUnit.Framework.AssertionException:   Expected: True
  But was:  False

   at NUnit.Framework.Assert.ReportFailure(String message)
   at NUnit.Framework.Assert.ReportFailure(ConstraintResult result, String message, Object[] args)
   at NUnit.Framework.Assert.That[TActual](TActual actual, IResolveConstraint expression, String message, Object[] args)
   at NUnit.Framework.Assert.IsTrue(Boolean condition)
   at Task_TestAutomationFramework.TestsCases.TestCases.Test_02(String searchString) in C:\Users\SM ZONA GEMAER\source\repos\Task_TA_Framework\TestsCases\TestCases.cs:line 63
[2025-03-27 23:14:02,565] [INFO] - Closing Browser
[2025-03-27 23:14:02,721] [INFO] - üîπ log4net initialized before test execution.
[2025-03-27 23:14:02,721] [INFO] - Starting Test setup...
[2025-03-27 23:14:05,981] [INFO] - WebDriver initialized...
[2025-03-27 23:14:07,698] [INFO] - Initializing Search Page Instance...
[2025-03-27 23:14:15,740] [INFO] - Links text extraction performed...
[2025-03-27 23:14:15,740] [INFO] - Links text Validation Performed...
[2025-03-27 23:14:15,741] [ERROR] - TC02 Failed!
NUnit.Framework.AssertionException:   Expected: True
  But was:  False

   at NUnit.Framework.Assert.ReportFailure(String message)
   at NUnit.Framework.Assert.ReportFailure(ConstraintResult result, String message, Object[] args)
   at NUnit.Framework.Assert.That[TActual](TActual actual, IResolveConstraint expression, String message, Object[] args)
   at NUnit.Framework.Assert.IsTrue(Boolean condition)
   at Task_TestAutomationFramework.TestsCases.TestCases.Test_02(String searchString) in C:\Users\SM ZONA GEMAER\source\repos\Task_TA_Framework\TestsCases\TestCases.cs:line 63
[2025-03-27 23:14:15,741] [INFO] - Closing Browser
[2025-03-27 23:14:15,886] [INFO] - üîπ log4net initialized before test execution.
[2025-03-27 23:14:15,886] [INFO] - Starting Test setup...
[2025-03-27 23:14:18,129] [INFO] - WebDriver initialized...
[2025-03-27 23:14:19,807] [INFO] - Initializing Search Page Instance...
[2025-03-27 23:15:02,737] [INFO] - Links text extraction performed...
[2025-03-27 23:15:02,737] [INFO] - Links text Validation Performed...
[2025-03-27 23:15:02,738] [ERROR] - TC02 Failed!
NUnit.Framework.AssertionException:   Expected: True
  But was:  False

   at NUnit.Framework.Assert.ReportFailure(String message)
   at NUnit.Framework.Assert.ReportFailure(ConstraintResult result, String message, Object[] args)
   at NUnit.Framework.Assert.That[TActual](TActual actual, IResolveConstraint expression, String message, Object[] args)
   at NUnit.Framework.Assert.IsTrue(Boolean condition)
   at Task_TestAutomationFramework.TestsCases.TestCases.Test_02(String searchString) in C:\Users\SM ZONA GEMAER\source\repos\Task_TA_Framework\TestsCases\TestCases.cs:line 63
[2025-03-27 23:15:02,738] [INFO] - Closing Browser
[2025-03-27 23:15:02,894] [INFO] - üîπ log4net initialized before test execution.
[2025-03-27 23:15:02,894] [INFO] - Starting Test setup...
[2025-03-27 23:15:05,202] [INFO] - WebDriver initialized...
[2025-03-27 23:15:06,998] [INFO] - Initializing About Page Instance...
[2025-03-27 23:15:09,507] [INFO] - Perform File Download..Executed Successfully
[2025-03-27 23:15:09,507] [INFO] - TC03 Executed Succcessfully
[2025-03-27 23:15:09,531] [INFO] - Closed Acrobat
[2025-03-27 23:15:09,545] [INFO] - Closed Acrobat
[2025-03-27 23:15:09,546] [INFO] - ‚úÖ File EPAM_Corporate_Overview_Q4FY-2024.pdf deleted successfully.
[2025-03-27 23:15:09,546] [INFO] - Closing Browser
[2025-03-27 23:15:09,706] [INFO] - üîπ log4net initialized before test execution.
[2025-03-27 23:15:09,706] [INFO] - Starting Test setup...
[2025-03-27 23:15:13,132] [INFO] - WebDriver initialized...
[2025-03-27 23:15:13,794] [INFO] - Initializing Insights Page Instance...
[2025-03-27 23:15:17,145] [INFO] - Article Name Retireved Successfully...
[2025-03-27 23:15:17,787] [INFO] - Actual Title retrieved Successfully...
[2025-03-27 23:15:17,814] [INFO] - TC04 Executed Succcessfully
[2025-03-27 23:15:17,814] [INFO] - Closing Browser
[2025-03-27 23:22:25,161] [INFO] - üîπ log4net initialized before test execution.
[2025-03-27 23:22:25,165] [INFO] - Starting Test setup...
[2025-03-27 23:22:28,302] [INFO] - WebDriver initialized...
[2025-03-27 23:22:28,317] [INFO] - Executing Cookie handler function...
[2025-03-27 23:22:29,507] [INFO] - Initializing Careers Page Instance...
[2025-03-27 23:22:35,957] [DEBUG] - Latest job position search performed...
[2025-03-27 23:22:36,166] [DEBUG] - Programming language search executed...
[2025-03-27 23:22:36,166] [INFO] - Perform Career Search ..Executed Successfully
[2025-03-27 23:22:36,167] [INFO] - Test 01 for programming language SAP and location Bogota Passed
[2025-03-27 23:22:36,167] [INFO] - TC01 Executed Succcessfully
[2025-03-27 23:22:36,167] [INFO] - Closing Browser
[2025-03-27 23:22:36,274] [INFO] - üîπ log4net initialized before test execution.
[2025-03-27 23:22:36,274] [INFO] - Starting Test setup...
[2025-03-27 23:22:39,825] [INFO] - WebDriver initialized...
[2025-03-27 23:22:39,826] [INFO] - Executing Cookie handler function...
[2025-03-27 23:22:40,482] [INFO] - Initializing Careers Page Instance...
[2025-03-27 23:22:47,264] [DEBUG] - Latest job position search performed...
[2025-03-27 23:22:47,342] [DEBUG] - Programming language search executed...
[2025-03-27 23:22:47,342] [INFO] - Perform Career Search ..Executed Successfully
[2025-03-27 23:22:47,342] [INFO] - Test 01 for programming language Python and location All Locations Passed
[2025-03-27 23:22:47,342] [INFO] - TC01 Executed Succcessfully
[2025-03-27 23:22:47,343] [INFO] - Closing Browser
[2025-03-27 23:22:47,449] [INFO] - üîπ log4net initialized before test execution.
[2025-03-27 23:22:47,449] [INFO] - Starting Test setup...
[2025-03-27 23:22:50,653] [INFO] - WebDriver initialized...
[2025-03-27 23:22:50,654] [INFO] - Executing Cookie handler function...
[2025-03-27 23:22:51,850] [INFO] - Initializing Careers Page Instance...
[2025-03-27 23:22:58,321] [DEBUG] - Latest job position search performed...
[2025-03-27 23:22:58,404] [DEBUG] - Programming language search executed...
[2025-03-27 23:22:58,404] [INFO] - Perform Career Search ..Executed Successfully
[2025-03-27 23:22:58,404] [INFO] - Test 01 for programming language C# and location Greece Passed
[2025-03-27 23:22:58,404] [INFO] - TC01 Executed Succcessfully
[2025-03-27 23:22:58,404] [INFO] - Closing Browser
[2025-03-27 23:22:58,519] [INFO] - üîπ log4net initialized before test execution.
[2025-03-27 23:22:58,519] [INFO] - Starting Test setup...
[2025-03-27 23:23:01,626] [INFO] - WebDriver initialized...
[2025-03-27 23:23:02,302] [INFO] - Initializing Search Page Instance...
[2025-03-27 23:24:16,186] [INFO] - Links text extraction performed...
[2025-03-27 23:24:16,186] [INFO] - Links text Validation Performed...
[2025-03-27 23:24:16,200] [ERROR] - TC02 Failed!
NUnit.Framework.AssertionException:   Expected: True
  But was:  False

   at NUnit.Framework.Assert.ReportFailure(String message)
   at NUnit.Framework.Assert.ReportFailure(ConstraintResult result, String message, Object[] args)
   at NUnit.Framework.Assert.That[TActual](TActual actual, IResolveConstraint expression, String message, Object[] args)
   at NUnit.Framework.Assert.IsTrue(Boolean condition)
   at Task_TestAutomationFramework.TestsCases.TestCases.Test_02(String searchString) in C:\Users\SM ZONA GEMAER\source\repos\Task_TA_Framework\TestsCases\TestCases.cs:line 63
[2025-03-27 23:24:16,203] [INFO] - Closing Browser
[2025-03-27 23:24:16,335] [INFO] - üîπ log4net initialized before test execution.
[2025-03-27 23:24:16,335] [INFO] - Starting Test setup...
[2025-03-27 23:24:19,539] [INFO] - WebDriver initialized...
[2025-03-27 23:24:20,206] [INFO] - Initializing Search Page Instance...
[2025-03-27 23:24:28,081] [INFO] - Links text extraction performed...
[2025-03-27 23:24:28,081] [INFO] - Links text Validation Performed...
[2025-03-27 23:24:28,082] [ERROR] - TC02 Failed!
NUnit.Framework.AssertionException:   Expected: True
  But was:  False

   at NUnit.Framework.Assert.ReportFailure(String message)
   at NUnit.Framework.Assert.ReportFailure(ConstraintResult result, String message, Object[] args)
   at NUnit.Framework.Assert.That[TActual](TActual actual, IResolveConstraint expression, String message, Object[] args)
   at NUnit.Framework.Assert.IsTrue(Boolean condition)
   at Task_TestAutomationFramework.TestsCases.TestCases.Test_02(String searchString) in C:\Users\SM ZONA GEMAER\source\repos\Task_TA_Framework\TestsCases\TestCases.cs:line 63
[2025-03-27 23:24:28,082] [INFO] - Closing Browser
[2025-03-27 23:24:28,196] [INFO] - üîπ log4net initialized before test execution.
[2025-03-27 23:24:28,196] [INFO] - Starting Test setup...
[2025-03-27 23:24:31,277] [INFO] - WebDriver initialized...
[2025-03-27 23:24:31,963] [INFO] - Initializing Search Page Instance...
[2025-03-27 23:25:14,902] [INFO] - Links text extraction performed...
[2025-03-27 23:25:14,902] [INFO] - Links text Validation Performed...
[2025-03-27 23:25:14,903] [ERROR] - TC02 Failed!
NUnit.Framework.AssertionException:   Expected: True
  But was:  False

   at NUnit.Framework.Assert.ReportFailure(String message)
   at NUnit.Framework.Assert.ReportFailure(ConstraintResult result, String message, Object[] args)
   at NUnit.Framework.Assert.That[TActual](TActual actual, IResolveConstraint expression, String message, Object[] args)
   at NUnit.Framework.Assert.IsTrue(Boolean condition)
   at Task_TestAutomationFramework.TestsCases.TestCases.Test_02(String searchString) in C:\Users\SM ZONA GEMAER\source\repos\Task_TA_Framework\TestsCases\TestCases.cs:line 63
[2025-03-27 23:25:14,903] [INFO] - Closing Browser
[2025-03-27 23:25:15,024] [INFO] - üîπ log4net initialized before test execution.
[2025-03-27 23:25:15,024] [INFO] - Starting Test setup...
[2025-03-27 23:25:18,266] [INFO] - WebDriver initialized...
[2025-03-27 23:25:19,446] [INFO] - Initializing About Page Instance...
[2025-03-27 23:25:22,764] [INFO] - Perform File Download..Executed Successfully
[2025-03-27 23:25:22,765] [INFO] - TC03 Executed Succcessfully
[2025-03-27 23:25:22,803] [INFO] - Closed Acrobat
[2025-03-27 23:25:22,816] [INFO] - Closed Acrobat
[2025-03-27 23:25:22,868] [INFO] - ‚úÖ File EPAM_Corporate_Overview_Q4FY-2024.pdf deleted successfully.
[2025-03-27 23:25:22,868] [INFO] - Closing Browser
[2025-03-27 23:25:23,014] [INFO] - üîπ log4net initialized before test execution.
[2025-03-27 23:25:23,015] [INFO] - Starting Test setup...
[2025-03-27 23:25:25,371] [INFO] - WebDriver initialized...
[2025-03-27 23:25:27,077] [INFO] - Initializing Insights Page Instance...
[2025-03-27 23:25:29,646] [INFO] - Article Name Retireved Successfully...
[2025-03-27 23:25:30,494] [INFO] - Actual Title retrieved Successfully...
[2025-03-27 23:25:30,527] [INFO] - TC04 Executed Succcessfully
[2025-03-27 23:25:30,527] [INFO] - Closing Browser
[2025-03-27 23:26:32,101] [INFO] - üîπ log4net initialized before test execution.
[2025-03-27 23:26:32,105] [INFO] - Starting Test setup...
[2025-03-27 23:26:34,013] [INFO] - WebDriver initialized...
[2025-03-27 23:26:34,028] [INFO] - Executing Cookie handler function...
[2025-03-27 23:26:35,744] [INFO] - Initializing Careers Page Instance...
[2025-03-27 23:26:42,145] [DEBUG] - Latest job position search performed...
[2025-03-27 23:26:42,934] [DEBUG] - Programming language search executed...
[2025-03-27 23:26:42,934] [INFO] - Perform Career Search ..Executed Successfully
[2025-03-27 23:26:42,934] [INFO] - Test 01 for programming language SAP and location Bogota Passed
[2025-03-27 23:26:42,935] [INFO] - TC01 Executed Succcessfully
[2025-03-27 23:26:42,935] [INFO] - Closing Browser
[2025-03-27 23:26:43,040] [INFO] - üîπ log4net initialized before test execution.
[2025-03-27 23:26:43,041] [INFO] - Starting Test setup...
[2025-03-27 23:26:46,293] [INFO] - WebDriver initialized...
[2025-03-27 23:26:46,294] [INFO] - Executing Cookie handler function...
[2025-03-27 23:26:46,950] [INFO] - Initializing Careers Page Instance...
[2025-03-27 23:26:51,733] [DEBUG] - Latest job position search performed...
[2025-03-27 23:26:52,451] [DEBUG] - Programming language search executed...
[2025-03-27 23:26:52,451] [INFO] - Perform Career Search ..Executed Successfully
[2025-03-27 23:26:52,451] [INFO] - Test 01 for programming language Python and location All Locations Passed
[2025-03-27 23:26:52,451] [INFO] - TC01 Executed Succcessfully
[2025-03-27 23:26:52,451] [INFO] - Closing Browser
[2025-03-27 23:26:52,559] [INFO] - üîπ log4net initialized before test execution.
[2025-03-27 23:26:52,560] [INFO] - Starting Test setup...
[2025-03-27 23:26:55,539] [INFO] - WebDriver initialized...
[2025-03-27 23:26:55,540] [INFO] - Executing Cookie handler function...
[2025-03-27 23:26:56,698] [INFO] - Initializing Careers Page Instance...
[2025-03-27 23:27:01,343] [DEBUG] - Latest job position search performed...
[2025-03-27 23:27:01,414] [DEBUG] - Programming language search executed...
[2025-03-27 23:27:01,414] [INFO] - Perform Career Search ..Executed Successfully
[2025-03-27 23:27:01,414] [INFO] - Test 01 for programming language C# and location Greece Passed
[2025-03-27 23:27:01,414] [INFO] - TC01 Executed Succcessfully
[2025-03-27 23:27:01,414] [INFO] - Closing Browser
[2025-03-27 23:27:01,528] [INFO] - üîπ log4net initialized before test execution.
[2025-03-27 23:27:01,528] [INFO] - Starting Test setup...
[2025-03-27 23:27:04,792] [INFO] - WebDriver initialized...
[2025-03-27 23:27:05,434] [INFO] - Initializing Search Page Instance...
[2025-03-27 23:28:20,519] [INFO] - Links text extraction performed...
[2025-03-27 23:28:20,520] [INFO] - Links text Validation Performed...
[2025-03-27 23:28:20,540] [ERROR] - TC02 Failed!
NUnit.Framework.AssertionException:   Expected: True
  But was:  False

   at NUnit.Framework.Assert.ReportFailure(String message)
   at NUnit.Framework.Assert.ReportFailure(ConstraintResult result, String message, Object[] args)
   at NUnit.Framework.Assert.That[TActual](TActual actual, IResolveConstraint expression, String message, Object[] args)
   at NUnit.Framework.Assert.IsTrue(Boolean condition)
   at Task_TestAutomationFramework.TestsCases.TestCases.Test_02(String searchString) in C:\Users\SM ZONA GEMAER\source\repos\Task_TA_Framework\TestsCases\TestCases.cs:line 63
[2025-03-27 23:28:20,543] [INFO] - Closing Browser
[2025-03-27 23:28:20,667] [INFO] - üîπ log4net initialized before test execution.
[2025-03-27 23:28:20,668] [INFO] - Starting Test setup...
[2025-03-27 23:28:23,097] [INFO] - WebDriver initialized...
[2025-03-27 23:28:24,798] [INFO] - Initializing Search Page Instance...
[2025-03-27 23:28:35,407] [INFO] - Links text extraction performed...
[2025-03-27 23:28:35,407] [INFO] - Links text Validation Performed...
[2025-03-27 23:28:35,407] [ERROR] - TC02 Failed!
NUnit.Framework.AssertionException:   Expected: True
  But was:  False

   at NUnit.Framework.Assert.ReportFailure(String message)
   at NUnit.Framework.Assert.ReportFailure(ConstraintResult result, String message, Object[] args)
   at NUnit.Framework.Assert.That[TActual](TActual actual, IResolveConstraint expression, String message, Object[] args)
   at NUnit.Framework.Assert.IsTrue(Boolean condition)
   at Task_TestAutomationFramework.TestsCases.TestCases.Test_02(String searchString) in C:\Users\SM ZONA GEMAER\source\repos\Task_TA_Framework\TestsCases\TestCases.cs:line 63
[2025-03-27 23:28:35,408] [INFO] - Closing Browser
[2025-03-27 23:28:35,522] [INFO] - üîπ log4net initialized before test execution.
[2025-03-27 23:28:35,522] [INFO] - Starting Test setup...
[2025-03-27 23:28:38,782] [INFO] - WebDriver initialized...
[2025-03-27 23:28:39,951] [INFO] - Initializing Search Page Instance...
[2025-03-27 23:29:22,744] [INFO] - Links text extraction performed...
[2025-03-27 23:29:22,744] [INFO] - Links text Validation Performed...
[2025-03-27 23:29:22,745] [ERROR] - TC02 Failed!
NUnit.Framework.AssertionException:   Expected: True
  But was:  False

   at NUnit.Framework.Assert.ReportFailure(String message)
   at NUnit.Framework.Assert.ReportFailure(ConstraintResult result, String message, Object[] args)
   at NUnit.Framework.Assert.That[TActual](TActual actual, IResolveConstraint expression, String message, Object[] args)
   at NUnit.Framework.Assert.IsTrue(Boolean condition)
   at Task_TestAutomationFramework.TestsCases.TestCases.Test_02(String searchString) in C:\Users\SM ZONA GEMAER\source\repos\Task_TA_Framework\TestsCases\TestCases.cs:line 63
[2025-03-27 23:29:22,745] [INFO] - Closing Browser
[2025-03-27 23:29:22,863] [INFO] - üîπ log4net initialized before test execution.
[2025-03-27 23:29:22,863] [INFO] - Starting Test setup...
[2025-03-27 23:29:26,009] [INFO] - WebDriver initialized...
[2025-03-27 23:29:26,677] [INFO] - Initializing About Page Instance...
[2025-03-27 23:29:29,329] [INFO] - Perform File Download..Executed Successfully
[2025-03-27 23:29:29,329] [INFO] - TC03 Executed Succcessfully
[2025-03-27 23:29:29,369] [INFO] - Closed Acrobat
[2025-03-27 23:29:29,394] [INFO] - Closed Acrobat
[2025-03-27 23:29:29,437] [INFO] - ‚úÖ File EPAM_Corporate_Overview_Q4FY-2024.pdf deleted successfully.
[2025-03-27 23:29:29,437] [INFO] - Closing Browser
[2025-03-27 23:29:29,582] [INFO] - üîπ log4net initialized before test execution.
[2025-03-27 23:29:29,582] [INFO] - Starting Test setup...
[2025-03-27 23:29:33,590] [INFO] - WebDriver initialized...
[2025-03-27 23:29:34,766] [INFO] - Initializing Insights Page Instance...
[2025-03-27 23:29:46,047] [ERROR] - Error trying to retrive article name
OpenQA.Selenium.WebDriverTimeoutException: Timed out after 10 seconds
 ---> OpenQA.Selenium.NoSuchElementException: no such element: Unable to locate element: {"method":"xpath","selector":"//div[contains(@class,'owl-item active')]//span[contains(@class,'font-size-44')]"}
  (Session info: chrome=134.0.6998.167); For documentation on this error, please visit: https://www.selenium.dev/documentation/webdriver/troubleshooting/errors#no-such-element-exception
   at OpenQA.Selenium.WebDriver.UnpackAndThrowOnError(Response errorResponse, String commandToExecute)
   at OpenQA.Selenium.WebDriver.ExecuteAsync(String driverCommandToExecute, Dictionary`2 parameters)
   at OpenQA.Selenium.WebDriver.Execute(String driverCommandToExecute, Dictionary`2 parameters)
   at OpenQA.Selenium.WebDriver.FindElement(String mechanism, String value)
   at SeleniumExtras.WaitHelpers.ExpectedConditions.<>c__DisplayClass7_0.<ElementIsVisible>b__0(IWebDriver driver)
   at OpenQA.Selenium.Support.UI.DefaultWait`1.Until[TResult](Func`2 condition, CancellationToken token)
   --- End of inner exception stack trace ---
   at OpenQA.Selenium.Support.UI.DefaultWait`1.ThrowTimeoutException(String exceptionMessage, Exception lastException)
   at OpenQA.Selenium.Support.UI.DefaultWait`1.Until[TResult](Func`2 condition, CancellationToken token)
   at OpenQA.Selenium.Support.UI.DefaultWait`1.Until[TResult](Func`2 condition)
   at Core.Core.BasePage.WaitForElement(By locator) in C:\Users\SM ZONA GEMAER\source\repos\Core\Core\BasePage.cs:line 36
   at Business.ApplicationInterface.InsightsPage.ClickNextSlideBttn() in C:\Users\SM ZONA GEMAER\source\repos\Business\ApplicationInterface\InsightsPage.cs:line 34
   at Business.Business.InsightsWorkflow.GetArticleTitle() in C:\Users\SM ZONA GEMAER\source\repos\Business\Business\InsightsWorkflow.cs:line 32
[2025-03-27 23:29:46,061] [ERROR] - TC04 Failed!
OpenQA.Selenium.WebDriverTimeoutException: Timed out after 10 seconds
 ---> OpenQA.Selenium.NoSuchElementException: no such element: Unable to locate element: {"method":"xpath","selector":"//div[contains(@class,'owl-item active')]//span[contains(@class,'font-size-44')]"}
  (Session info: chrome=134.0.6998.167); For documentation on this error, please visit: https://www.selenium.dev/documentation/webdriver/troubleshooting/errors#no-such-element-exception
   at OpenQA.Selenium.WebDriver.UnpackAndThrowOnError(Response errorResponse, String commandToExecute)
   at OpenQA.Selenium.WebDriver.ExecuteAsync(String driverCommandToExecute, Dictionary`2 parameters)
   at OpenQA.Selenium.WebDriver.Execute(String driverCommandToExecute, Dictionary`2 parameters)
   at OpenQA.Selenium.WebDriver.FindElement(String mechanism, String value)
   at SeleniumExtras.WaitHelpers.ExpectedConditions.<>c__DisplayClass7_0.<ElementIsVisible>b__0(IWebDriver driver)
   at OpenQA.Selenium.Support.UI.DefaultWait`1.Until[TResult](Func`2 condition, CancellationToken token)
   --- End of inner exception stack trace ---
   at OpenQA.Selenium.Support.UI.DefaultWait`1.ThrowTimeoutException(String exceptionMessage, Exception lastException)
   at OpenQA.Selenium.Support.UI.DefaultWait`1.Until[TResult](Func`2 condition, CancellationToken token)
   at OpenQA.Selenium.Support.UI.DefaultWait`1.Until[TResult](Func`2 condition)
   at Core.Core.BasePage.WaitForElement(By locator) in C:\Users\SM ZONA GEMAER\source\repos\Core\Core\BasePage.cs:line 36
   at Business.ApplicationInterface.InsightsPage.ClickNextSlideBttn() in C:\Users\SM ZONA GEMAER\source\repos\Business\ApplicationInterface\InsightsPage.cs:line 34
   at Business.Business.InsightsWorkflow.GetArticleTitle() in C:\Users\SM ZONA GEMAER\source\repos\Business\Business\InsightsWorkflow.cs:line 32
   at Task_TestAutomationFramework.TestsCases.TestCases.Test_04() in C:\Users\SM ZONA GEMAER\source\repos\Task_TA_Framework\TestsCases\TestCases.cs:line 114
[2025-03-27 23:29:46,063] [INFO] - Closing Browser
[2025-03-27 23:30:17,685] [INFO] - üîπ log4net initialized before test execution.
[2025-03-27 23:30:17,689] [INFO] - Starting Test setup...
[2025-03-27 23:30:20,547] [INFO] - WebDriver initialized...
[2025-03-27 23:30:21,224] [INFO] - Initializing Insights Page Instance...
[2025-03-27 23:30:24,520] [INFO] - Article Name Retireved Successfully...
[2025-03-27 23:30:24,683] [INFO] - Actual Title retrieved Successfully...
[2025-03-27 23:30:25,253] [INFO] - TC04 Executed Succcessfully
[2025-03-27 23:30:25,254] [INFO] - Closing Browser
[2025-03-28 00:06:00,074] [INFO] - üîπ log4net initialized before test execution.
[2025-03-28 00:06:00,078] [INFO] - Starting Test setup...
[2025-03-28 00:06:03,584] [INFO] - WebDriver initialized...
[2025-03-28 00:06:03,598] [INFO] - Executing Cookie handler function...
[2025-03-28 00:06:04,291] [INFO] - Initializing Careers Page Instance...
[2025-03-28 00:06:10,357] [DEBUG] - Latest job position search performed...
[2025-03-28 00:06:12,256] [DEBUG] - Programming language search executed...
[2025-03-28 00:06:12,256] [INFO] - Perform Career Search ..Executed Successfully
[2025-03-28 00:06:12,257] [INFO] - Test 01 for programming language SAP and location Bogota Passed
[2025-03-28 00:06:12,257] [INFO] - TC01 Executed Succcessfully
[2025-03-28 00:06:12,257] [INFO] - Closing Browser
[2025-03-28 00:06:12,355] [INFO] - üîπ log4net initialized before test execution.
[2025-03-28 00:06:12,355] [INFO] - Starting Test setup...
[2025-03-28 00:06:15,516] [INFO] - WebDriver initialized...
[2025-03-28 00:06:15,516] [INFO] - Executing Cookie handler function...
[2025-03-28 00:06:16,696] [INFO] - Initializing Careers Page Instance...
[2025-03-28 00:06:23,865] [DEBUG] - Latest job position search performed...
[2025-03-28 00:06:23,938] [DEBUG] - Programming language search executed...
[2025-03-28 00:06:23,938] [INFO] - Perform Career Search ..Executed Successfully
[2025-03-28 00:06:23,938] [INFO] - Test 01 for programming language Python and location All Locations Passed
[2025-03-28 00:06:23,938] [INFO] - TC01 Executed Succcessfully
[2025-03-28 00:06:23,938] [INFO] - Closing Browser
[2025-03-28 00:06:24,041] [INFO] - üîπ log4net initialized before test execution.
[2025-03-28 00:06:24,042] [INFO] - Starting Test setup...
[2025-03-28 00:06:26,929] [INFO] - WebDriver initialized...
[2025-03-28 00:06:26,930] [INFO] - Executing Cookie handler function...
[2025-03-28 00:06:28,113] [INFO] - Initializing Careers Page Instance...
[2025-03-28 00:06:34,448] [DEBUG] - Latest job position search performed...
[2025-03-28 00:06:34,506] [DEBUG] - Programming language search executed...
[2025-03-28 00:06:34,506] [INFO] - Perform Career Search ..Executed Successfully
[2025-03-28 00:06:34,506] [INFO] - Test 01 for programming language C# and location Greece Passed
[2025-03-28 00:06:34,506] [INFO] - TC01 Executed Succcessfully
[2025-03-28 00:06:34,506] [INFO] - Closing Browser
[2025-03-28 00:06:40,891] [INFO] - üîπ log4net initialized before test execution.
[2025-03-28 00:06:40,895] [INFO] - Starting Test setup...
[2025-03-28 00:06:43,797] [INFO] - WebDriver initialized...
[2025-03-28 00:06:44,993] [INFO] - Initializing Search Page Instance...
[2025-03-28 00:07:28,402] [INFO] - Links text extraction performed...
[2025-03-28 00:07:28,402] [INFO] - Links text Validation Performed...
[2025-03-28 00:07:28,426] [ERROR] - TC02 Failed!
NUnit.Framework.AssertionException:   Expected: True
  But was:  False

   at NUnit.Framework.Assert.ReportFailure(String message)
   at NUnit.Framework.Assert.ReportFailure(ConstraintResult result, String message, Object[] args)
   at NUnit.Framework.Assert.That[TActual](TActual actual, IResolveConstraint expression, String message, Object[] args)
   at NUnit.Framework.Assert.IsTrue(Boolean condition)
   at Task_TestAutomationFramework.TestsCases.TestCases.Test_02(String searchString) in C:\Users\SM ZONA GEMAER\source\repos\Task_TA_Framework\TestsCases\TestCases.cs:line 63
[2025-03-28 00:11:41,307] [INFO] - üîπ log4net initialized before test execution.
[2025-03-28 00:11:41,311] [INFO] - Starting Test setup...
[2025-03-28 00:11:44,718] [INFO] - WebDriver initialized...
[2025-03-28 00:11:45,903] [INFO] - Initializing Search Page Instance...
[2025-03-28 00:11:54,480] [INFO] - Links text extraction performed...
[2025-03-28 00:11:54,481] [INFO] - Links text Validation Performed...
[2025-03-28 00:11:54,495] [ERROR] - TC02 Failed!
NUnit.Framework.AssertionException:   Expected: True
  But was:  False

   at NUnit.Framework.Assert.ReportFailure(String message)
   at NUnit.Framework.Assert.ReportFailure(ConstraintResult result, String message, Object[] args)
   at NUnit.Framework.Assert.That[TActual](TActual actual, IResolveConstraint expression, String message, Object[] args)
   at NUnit.Framework.Assert.IsTrue(Boolean condition)
   at Task_TestAutomationFramework.TestsCases.TestCases.Test_02(String searchString) in C:\Users\SM ZONA GEMAER\source\repos\Task_TA_Framework\TestsCases\TestCases.cs:line 63
[2025-03-28 00:35:25,331] [INFO] - üîπ log4net initialized before test execution.
[2025-03-28 00:35:25,335] [INFO] - Starting Test setup...
[2025-03-28 00:35:28,468] [INFO] - WebDriver initialized...
[2025-03-28 00:35:29,155] [INFO] - Initializing Search Page Instance...
[2025-03-28 00:36:44,092] [INFO] - Links text extraction performed...
[2025-03-28 00:36:44,092] [INFO] - Links text Validation Performed...
[2025-03-28 00:36:44,115] [ERROR] - TC02 Failed!
NUnit.Framework.AssertionException:   Expected: True
  But was:  False

   at NUnit.Framework.Assert.ReportFailure(String message)
   at NUnit.Framework.Assert.ReportFailure(ConstraintResult result, String message, Object[] args)
   at NUnit.Framework.Assert.That[TActual](TActual actual, IResolveConstraint expression, String message, Object[] args)
   at NUnit.Framework.Assert.IsTrue(Boolean condition)
   at Task_TestAutomationFramework.TestsCases.TestCases.Test_02(String searchString) in C:\Users\SM ZONA GEMAER\source\repos\Task_TA_Framework\TestsCases\TestCases.cs:line 63
[2025-03-28 00:36:44,236] [INFO] - Closing Browser
[2025-03-28 00:36:44,387] [INFO] - üîπ log4net initialized before test execution.
[2025-03-28 00:36:44,387] [INFO] - Starting Test setup...
[2025-03-28 00:36:47,574] [INFO] - WebDriver initialized...
[2025-03-28 00:36:48,732] [INFO] - Initializing Search Page Instance...
[2025-03-28 00:36:56,104] [INFO] - Links text extraction performed...
[2025-03-28 00:36:56,104] [INFO] - Links text Validation Performed...
[2025-03-28 00:36:56,105] [ERROR] - TC02 Failed!
NUnit.Framework.AssertionException:   Expected: True
  But was:  False

   at NUnit.Framework.Assert.ReportFailure(String message)
   at NUnit.Framework.Assert.ReportFailure(ConstraintResult result, String message, Object[] args)
   at NUnit.Framework.Assert.That[TActual](TActual actual, IResolveConstraint expression, String message, Object[] args)
   at NUnit.Framework.Assert.IsTrue(Boolean condition)
   at Task_TestAutomationFramework.TestsCases.TestCases.Test_02(String searchString) in C:\Users\SM ZONA GEMAER\source\repos\Task_TA_Framework\TestsCases\TestCases.cs:line 63
[2025-03-28 00:36:56,232] [INFO] - Closing Browser
[2025-03-28 00:36:56,367] [INFO] - üîπ log4net initialized before test execution.
[2025-03-28 00:36:56,367] [INFO] - Starting Test setup...
[2025-03-28 00:36:59,628] [INFO] - WebDriver initialized...
[2025-03-28 00:37:00,768] [INFO] - Initializing Search Page Instance...
[2025-03-28 00:37:43,087] [INFO] - Links text extraction performed...
[2025-03-28 00:37:43,087] [INFO] - Links text Validation Performed...
[2025-03-28 00:37:43,087] [ERROR] - TC02 Failed!
NUnit.Framework.AssertionException:   Expected: True
  But was:  False

   at NUnit.Framework.Assert.ReportFailure(String message)
   at NUnit.Framework.Assert.ReportFailure(ConstraintResult result, String message, Object[] args)
   at NUnit.Framework.Assert.That[TActual](TActual actual, IResolveConstraint expression, String message, Object[] args)
   at NUnit.Framework.Assert.IsTrue(Boolean condition)
   at Task_TestAutomationFramework.TestsCases.TestCases.Test_02(String searchString) in C:\Users\SM ZONA GEMAER\source\repos\Task_TA_Framework\TestsCases\TestCases.cs:line 63
[2025-03-28 00:37:43,217] [INFO] - Closing Browser
[2025-03-28 00:41:08,477] [INFO] - üîπ log4net initialized before test execution.
[2025-03-28 00:41:08,481] [INFO] - Starting Test setup...
[2025-03-28 00:41:11,751] [INFO] - WebDriver initialized...
[2025-03-28 00:41:12,420] [INFO] - Initializing Search Page Instance...
[2025-03-28 00:41:21,084] [INFO] - Links text extraction performed...
[2025-03-28 00:41:21,084] [INFO] - Links text Validation Performed...
[2025-03-28 00:41:21,098] [ERROR] - TC02 Failed!
NUnit.Framework.AssertionException:   Expected: True
  But was:  False

   at NUnit.Framework.Assert.ReportFailure(String message)
   at NUnit.Framework.Assert.ReportFailure(ConstraintResult result, String message, Object[] args)
   at NUnit.Framework.Assert.That[TActual](TActual actual, IResolveConstraint expression, String message, Object[] args)
   at NUnit.Framework.Assert.IsTrue(Boolean condition)
   at Task_TestAutomationFramework.TestsCases.TestCases.Test_02(String searchString) in C:\Users\SM ZONA GEMAER\source\repos\Task_TA_Framework\TestsCases\TestCases.cs:line 63
[2025-03-28 00:41:21,252] [INFO] - Closing Browser
[2025-03-28 00:41:43,144] [INFO] - üîπ log4net initialized before test execution.
[2025-03-28 00:41:43,149] [INFO] - Starting Test setup...
[2025-03-28 00:41:45,337] [INFO] - WebDriver initialized...
[2025-03-28 00:41:47,071] [INFO] - Initializing Search Page Instance...
[2025-03-28 00:41:54,705] [INFO] - Links text extraction performed...
[2025-03-28 00:41:54,705] [INFO] - Links text Validation Performed...
[2025-03-28 00:41:54,749] [ERROR] - TC02 Failed!
NUnit.Framework.AssertionException:   Expected: True
  But was:  False

   at NUnit.Framework.Assert.ReportFailure(String message)
   at NUnit.Framework.Assert.ReportFailure(ConstraintResult result, String message, Object[] args)
   at NUnit.Framework.Assert.That[TActual](TActual actual, IResolveConstraint expression, String message, Object[] args)
   at NUnit.Framework.Assert.IsTrue(Boolean condition)
   at Task_TestAutomationFramework.TestsCases.TestCases.Test_02(String searchString) in C:\Users\SM ZONA GEMAER\source\repos\Task_TA_Framework\TestsCases\TestCases.cs:line 63
[2025-03-28 00:43:23,654] [INFO] - üîπ log4net initialized before test execution.
[2025-03-28 00:43:23,657] [INFO] - Starting Test setup...
[2025-03-28 00:43:26,425] [INFO] - WebDriver initialized...
[2025-03-28 00:43:27,601] [INFO] - Initializing Search Page Instance...
[2025-03-28 00:43:35,233] [INFO] - Links text extraction performed...
[2025-03-28 00:43:35,233] [INFO] - Links text Validation Performed...
[2025-03-28 00:43:35,248] [ERROR] - TC02 Failed!
NUnit.Framework.AssertionException:   Expected: True
  But was:  False

   at NUnit.Framework.Assert.ReportFailure(String message)
   at NUnit.Framework.Assert.ReportFailure(ConstraintResult result, String message, Object[] args)
   at NUnit.Framework.Assert.That[TActual](TActual actual, IResolveConstraint expression, String message, Object[] args)
   at NUnit.Framework.Assert.IsTrue(Boolean condition)
   at Task_TestAutomationFramework.TestsCases.TestCases.Test_02(String searchString) in C:\Users\SM ZONA GEMAER\source\repos\Task_TA_Framework\TestsCases\TestCases.cs:line 63
[2025-03-28 00:43:35,388] [INFO] - Closing Browser
[2025-03-28 00:44:11,925] [INFO] - üîπ log4net initialized before test execution.
[2025-03-28 00:44:11,930] [INFO] - Starting Test setup...
[2025-03-28 00:44:15,046] [INFO] - WebDriver initialized...
[2025-03-28 00:44:16,246] [INFO] - Initializing Search Page Instance...
[2025-03-28 00:44:23,879] [INFO] - Links text extraction performed...
[2025-03-28 00:44:23,880] [INFO] - Links text Validation Performed...
[2025-03-28 00:44:23,922] [ERROR] - TC02 Failed!
NUnit.Framework.AssertionException:   Expected: True
  But was:  False

   at NUnit.Framework.Assert.ReportFailure(String message)
   at NUnit.Framework.Assert.ReportFailure(ConstraintResult result, String message, Object[] args)
   at NUnit.Framework.Assert.That[TActual](TActual actual, IResolveConstraint expression, String message, Object[] args)
   at NUnit.Framework.Assert.IsTrue(Boolean condition)
   at Task_TestAutomationFramework.TestsCases.TestCases.Test_02(String searchString) in C:\Users\SM ZONA GEMAER\source\repos\Task_TA_Framework\TestsCases\TestCases.cs:line 63
[2025-03-28 00:45:02,264] [INFO] - Closing Browser
[2025-03-28 00:46:24,194] [INFO] - üîπ log4net initialized before test execution.
[2025-03-28 00:46:24,198] [INFO] - Starting Test setup...
[2025-03-28 00:46:27,666] [INFO] - WebDriver initialized...
[2025-03-28 00:46:27,680] [INFO] - Executing Cookie handler function...
[2025-03-28 00:46:28,314] [INFO] - Initializing Careers Page Instance...
[2025-03-28 00:46:33,798] [DEBUG] - Latest job position search performed...
[2025-03-28 00:46:34,911] [DEBUG] - Programming language search executed...
[2025-03-28 00:46:34,912] [INFO] - Perform Career Search ..Executed Successfully
[2025-03-28 00:46:34,912] [INFO] - Test 01 for programming language SAP and location Bogota Passed
[2025-03-28 00:46:34,912] [INFO] - TC01 Executed Succcessfully
[2025-03-28 00:46:34,913] [INFO] - Closing Browser
[2025-03-28 00:46:35,058] [INFO] - üîπ log4net initialized before test execution.
[2025-03-28 00:46:35,058] [INFO] - Starting Test setup...
[2025-03-28 00:46:38,028] [INFO] - WebDriver initialized...
[2025-03-28 00:46:38,029] [INFO] - Executing Cookie handler function...
[2025-03-28 00:46:38,680] [INFO] - Initializing Careers Page Instance...
[2025-03-28 00:46:44,084] [DEBUG] - Latest job position search performed...
[2025-03-28 00:46:44,155] [DEBUG] - Programming language search executed...
[2025-03-28 00:46:44,155] [INFO] - Perform Career Search ..Executed Successfully
[2025-03-28 00:46:44,155] [INFO] - Test 01 for programming language Python and location All Locations Passed
[2025-03-28 00:46:44,155] [INFO] - TC01 Executed Succcessfully
[2025-03-28 00:46:44,155] [INFO] - Closing Browser
[2025-03-28 00:46:44,290] [INFO] - üîπ log4net initialized before test execution.
[2025-03-28 00:46:44,290] [INFO] - Starting Test setup...
[2025-03-28 00:46:47,339] [INFO] - WebDriver initialized...
[2025-03-28 00:46:47,340] [INFO] - Executing Cookie handler function...
[2025-03-28 00:46:47,992] [INFO] - Initializing Careers Page Instance...
[2025-03-28 00:46:54,520] [DEBUG] - Latest job position search performed...
[2025-03-28 00:46:54,573] [DEBUG] - Programming language search executed...
[2025-03-28 00:46:54,574] [INFO] - Perform Career Search ..Executed Successfully
[2025-03-28 00:46:54,574] [INFO] - Test 01 for programming language C# and location Greece Passed
[2025-03-28 00:46:54,574] [INFO] - TC01 Executed Succcessfully
[2025-03-28 00:46:54,574] [INFO] - Closing Browser
[2025-03-28 00:46:54,701] [INFO] - üîπ log4net initialized before test execution.
[2025-03-28 00:46:54,701] [INFO] - Starting Test setup...
[2025-03-28 00:46:57,550] [INFO] - WebDriver initialized...
[2025-03-28 00:46:58,715] [INFO] - Initializing Search Page Instance...
[2025-03-28 00:48:11,756] [INFO] - Links text extraction performed...
[2025-03-28 00:48:11,756] [INFO] - Links text Validation Performed...
[2025-03-28 00:48:11,777] [ERROR] - TC02 Failed!
NUnit.Framework.AssertionException:   Expected: True
  But was:  False

   at NUnit.Framework.Assert.ReportFailure(String message)
   at NUnit.Framework.Assert.ReportFailure(ConstraintResult result, String message, Object[] args)
   at NUnit.Framework.Assert.That[TActual](TActual actual, IResolveConstraint expression, String message, Object[] args)
   at NUnit.Framework.Assert.IsTrue(Boolean condition)
   at Task_TestAutomationFramework.TestsCases.TestCases.Test_02(String searchString) in C:\Users\SM ZONA GEMAER\source\repos\Task_TA_Framework\TestsCases\TestCases.cs:line 63
[2025-03-28 00:48:11,905] [INFO] - Closing Browser
[2025-03-28 00:48:12,049] [INFO] - üîπ log4net initialized before test execution.
[2025-03-28 00:48:12,049] [INFO] - Starting Test setup...
[2025-03-28 00:48:14,970] [INFO] - WebDriver initialized...
[2025-03-28 00:48:15,620] [INFO] - Initializing Search Page Instance...
[2025-03-28 00:48:23,340] [INFO] - Links text extraction performed...
[2025-03-28 00:48:23,341] [INFO] - Links text Validation Performed...
[2025-03-28 00:48:23,341] [ERROR] - TC02 Failed!
NUnit.Framework.AssertionException:   Expected: True
  But was:  False

   at NUnit.Framework.Assert.ReportFailure(String message)
   at NUnit.Framework.Assert.ReportFailure(ConstraintResult result, String message, Object[] args)
   at NUnit.Framework.Assert.That[TActual](TActual actual, IResolveConstraint expression, String message, Object[] args)
   at NUnit.Framework.Assert.IsTrue(Boolean condition)
   at Task_TestAutomationFramework.TestsCases.TestCases.Test_02(String searchString) in C:\Users\SM ZONA GEMAER\source\repos\Task_TA_Framework\TestsCases\TestCases.cs:line 63
[2025-03-28 00:48:23,457] [INFO] - Closing Browser
[2025-03-28 00:48:23,573] [INFO] - üîπ log4net initialized before test execution.
[2025-03-28 00:48:23,573] [INFO] - Starting Test setup...
[2025-03-28 00:48:26,737] [INFO] - WebDriver initialized...
[2025-03-28 00:48:27,384] [INFO] - Initializing Search Page Instance...
[2025-03-28 00:49:09,664] [INFO] - Links text extraction performed...
[2025-03-28 00:49:09,664] [INFO] - Links text Validation Performed...
[2025-03-28 00:49:09,664] [ERROR] - TC02 Failed!
NUnit.Framework.AssertionException:   Expected: True
  But was:  False

   at NUnit.Framework.Assert.ReportFailure(String message)
   at NUnit.Framework.Assert.ReportFailure(ConstraintResult result, String message, Object[] args)
   at NUnit.Framework.Assert.That[TActual](TActual actual, IResolveConstraint expression, String message, Object[] args)
   at NUnit.Framework.Assert.IsTrue(Boolean condition)
   at Task_TestAutomationFramework.TestsCases.TestCases.Test_02(String searchString) in C:\Users\SM ZONA GEMAER\source\repos\Task_TA_Framework\TestsCases\TestCases.cs:line 63
[2025-03-28 00:49:09,783] [INFO] - Closing Browser
[2025-03-28 00:49:09,919] [INFO] - üîπ log4net initialized before test execution.
[2025-03-28 00:49:09,919] [INFO] - Starting Test setup...
[2025-03-28 00:49:13,039] [INFO] - WebDriver initialized...
[2025-03-28 00:49:14,223] [INFO] - Initializing About Page Instance...
[2025-03-28 00:49:17,837] [INFO] - Perform File Download..Executed Successfully
[2025-03-28 00:49:17,838] [INFO] - TC03 Executed Succcessfully
[2025-03-28 00:49:17,868] [INFO] - Closed Acrobat
[2025-03-28 00:49:17,889] [INFO] - Closed Acrobat
[2025-03-28 00:49:17,953] [INFO] - ‚úÖ File EPAM_Corporate_Overview_Q4FY-2024.pdf deleted successfully.
[2025-03-28 00:49:17,953] [INFO] - Closing Browser
[2025-03-28 00:49:18,110] [INFO] - üîπ log4net initialized before test execution.
[2025-03-28 00:49:18,111] [INFO] - Starting Test setup...
[2025-03-28 00:49:21,165] [INFO] - WebDriver initialized...
[2025-03-28 00:49:22,313] [INFO] - Initializing Insights Page Instance...
[2025-03-28 00:49:25,628] [INFO] - Article Name Retireved Successfully...
[2025-03-28 00:49:27,211] [INFO] - Actual Title retrieved Successfully...
[2025-03-28 00:49:27,234] [INFO] - TC04 Executed Succcessfully
[2025-03-28 00:49:27,234] [INFO] - Closing Browser
[2025-03-28 00:50:36,274] [INFO] - üîπ log4net initialized before test execution.
[2025-03-28 00:50:36,279] [INFO] - Starting Test setup...
[2025-03-28 00:50:38,991] [INFO] - WebDriver initialized...
[2025-03-28 00:50:39,004] [INFO] - Executing Cookie handler function...
[2025-03-28 00:50:40,245] [INFO] - Initializing Careers Page Instance...
[2025-03-28 00:50:46,614] [DEBUG] - Latest job position search performed...
[2025-03-28 00:50:46,856] [DEBUG] - Programming language search executed...
[2025-03-28 00:50:46,856] [INFO] - Perform Career Search ..Executed Successfully
[2025-03-28 00:50:46,857] [INFO] - Test 01 for programming language SAP and location Bogota Passed
[2025-03-28 00:50:46,857] [INFO] - TC01 Executed Succcessfully
[2025-03-28 00:50:46,858] [INFO] - Closing Browser
[2025-03-28 00:50:46,970] [INFO] - üîπ log4net initialized before test execution.
[2025-03-28 00:50:46,970] [INFO] - Starting Test setup...
[2025-03-28 00:50:50,024] [INFO] - WebDriver initialized...
[2025-03-28 00:50:50,024] [INFO] - Executing Cookie handler function...
[2025-03-28 00:50:51,187] [INFO] - Initializing Careers Page Instance...
[2025-03-28 00:50:56,047] [DEBUG] - Latest job position search performed...
[2025-03-28 00:50:56,862] [DEBUG] - Programming language search executed...
[2025-03-28 00:50:56,862] [INFO] - Perform Career Search ..Executed Successfully
[2025-03-28 00:50:56,862] [INFO] - Test 01 for programming language Python and location All Locations Passed
[2025-03-28 00:50:56,862] [INFO] - TC01 Executed Succcessfully
[2025-03-28 00:50:56,862] [INFO] - Closing Browser
[2025-03-28 00:50:56,966] [INFO] - üîπ log4net initialized before test execution.
[2025-03-28 00:50:56,967] [INFO] - Starting Test setup...
[2025-03-28 00:51:00,256] [INFO] - WebDriver initialized...
[2025-03-28 00:51:00,256] [INFO] - Executing Cookie handler function...
[2025-03-28 00:51:01,417] [INFO] - Initializing Careers Page Instance...
[2025-03-28 00:51:06,112] [DEBUG] - Latest job position search performed...
[2025-03-28 00:51:06,982] [DEBUG] - Programming language search executed...
[2025-03-28 00:51:06,982] [INFO] - Perform Career Search ..Executed Successfully
[2025-03-28 00:51:06,982] [INFO] - Test 01 for programming language C# and location Greece Passed
[2025-03-28 00:51:06,982] [INFO] - TC01 Executed Succcessfully
[2025-03-28 00:51:06,982] [INFO] - Closing Browser
[2025-03-28 00:51:07,082] [INFO] - üîπ log4net initialized before test execution.
[2025-03-28 00:51:07,082] [INFO] - Starting Test setup...
[2025-03-28 00:51:10,252] [INFO] - WebDriver initialized...
[2025-03-28 00:51:11,424] [INFO] - Initializing Search Page Instance...
[2025-03-28 00:52:23,697] [INFO] - Links text extraction performed...
[2025-03-28 00:52:23,698] [INFO] - Links text Validation Performed...
[2025-03-28 00:52:23,710] [ERROR] - TC02 Failed!
NUnit.Framework.AssertionException:   Expected: True
  But was:  False

   at NUnit.Framework.Assert.ReportFailure(String message)
   at NUnit.Framework.Assert.ReportFailure(ConstraintResult result, String message, Object[] args)
   at NUnit.Framework.Assert.That[TActual](TActual actual, IResolveConstraint expression, String message, Object[] args)
   at NUnit.Framework.Assert.IsTrue(Boolean condition)
   at Task_TestAutomationFramework.TestsCases.TestCases.Test_02(String searchString) in C:\Users\SM ZONA GEMAER\source\repos\Task_TA_Framework\TestsCases\TestCases.cs:line 63
[2025-03-28 00:52:24,023] [INFO] - Closing Browser
[2025-03-28 00:52:24,135] [INFO] - üîπ log4net initialized before test execution.
[2025-03-28 00:52:24,135] [INFO] - Starting Test setup...
[2025-03-28 00:52:27,953] [INFO] - WebDriver initialized...
[2025-03-28 00:52:29,119] [INFO] - Initializing Search Page Instance...
[2025-03-28 00:52:37,026] [INFO] - Links text extraction performed...
[2025-03-28 00:52:37,026] [INFO] - Links text Validation Performed...
[2025-03-28 00:52:37,027] [ERROR] - TC02 Failed!
NUnit.Framework.AssertionException:   Expected: True
  But was:  False

   at NUnit.Framework.Assert.ReportFailure(String message)
   at NUnit.Framework.Assert.ReportFailure(ConstraintResult result, String message, Object[] args)
   at NUnit.Framework.Assert.That[TActual](TActual actual, IResolveConstraint expression, String message, Object[] args)
   at NUnit.Framework.Assert.IsTrue(Boolean condition)
   at Task_TestAutomationFramework.TestsCases.TestCases.Test_02(String searchString) in C:\Users\SM ZONA GEMAER\source\repos\Task_TA_Framework\TestsCases\TestCases.cs:line 63
[2025-03-28 00:52:37,320] [INFO] - Closing Browser
[2025-03-28 00:52:37,431] [INFO] - üîπ log4net initialized before test execution.
[2025-03-28 00:52:37,431] [INFO] - Starting Test setup...
[2025-03-28 00:52:40,617] [INFO] - WebDriver initialized...
[2025-03-28 00:52:41,786] [INFO] - Initializing Search Page Instance...
[2025-03-28 00:53:24,175] [INFO] - Links text extraction performed...
[2025-03-28 00:53:24,175] [INFO] - Links text Validation Performed...
[2025-03-28 00:53:24,176] [ERROR] - TC02 Failed!
NUnit.Framework.AssertionException:   Expected: True
  But was:  False

   at NUnit.Framework.Assert.ReportFailure(String message)
   at NUnit.Framework.Assert.ReportFailure(ConstraintResult result, String message, Object[] args)
   at NUnit.Framework.Assert.That[TActual](TActual actual, IResolveConstraint expression, String message, Object[] args)
   at NUnit.Framework.Assert.IsTrue(Boolean condition)
   at Task_TestAutomationFramework.TestsCases.TestCases.Test_02(String searchString) in C:\Users\SM ZONA GEMAER\source\repos\Task_TA_Framework\TestsCases\TestCases.cs:line 63
[2025-03-28 00:53:24,459] [INFO] - Closing Browser
[2025-03-28 00:53:24,572] [INFO] - üîπ log4net initialized before test execution.
[2025-03-28 00:53:24,572] [INFO] - Starting Test setup...
[2025-03-28 00:53:27,593] [INFO] - WebDriver initialized...
[2025-03-28 00:53:28,244] [INFO] - Initializing About Page Instance...
[2025-03-28 00:53:30,575] [INFO] - Perform File Download..Executed Successfully
[2025-03-28 00:53:30,575] [INFO] - TC03 Executed Succcessfully
[2025-03-28 00:53:30,617] [INFO] - Closed Acrobat
[2025-03-28 00:53:30,631] [INFO] - Closed Acrobat
[2025-03-28 00:53:30,632] [INFO] - ‚úÖ File EPAM_Corporate_Overview_Q4FY-2024.pdf deleted successfully.
[2025-03-28 00:53:30,632] [INFO] - Closing Browser
[2025-03-28 00:53:30,762] [INFO] - üîπ log4net initialized before test execution.
[2025-03-28 00:53:30,763] [INFO] - Starting Test setup...
[2025-03-28 00:53:33,862] [INFO] - WebDriver initialized...
[2025-03-28 00:53:35,033] [INFO] - Initializing Insights Page Instance...
[2025-03-28 00:53:46,529] [ERROR] - Error trying to retrive article name
OpenQA.Selenium.WebDriverTimeoutException: Timed out after 10 seconds
 ---> OpenQA.Selenium.NoSuchElementException: no such element: Unable to locate element: {"method":"xpath","selector":"//div[contains(@class,'owl-item active')]//span[contains(@class,'font-size-44')]"}
  (Session info: chrome=134.0.6998.167); For documentation on this error, please visit: https://www.selenium.dev/documentation/webdriver/troubleshooting/errors#no-such-element-exception
   at OpenQA.Selenium.WebDriver.UnpackAndThrowOnError(Response errorResponse, String commandToExecute)
   at OpenQA.Selenium.WebDriver.ExecuteAsync(String driverCommandToExecute, Dictionary`2 parameters)
   at OpenQA.Selenium.WebDriver.Execute(String driverCommandToExecute, Dictionary`2 parameters)
   at OpenQA.Selenium.WebDriver.FindElement(String mechanism, String value)
   at SeleniumExtras.WaitHelpers.ExpectedConditions.<>c__DisplayClass7_0.<ElementIsVisible>b__0(IWebDriver driver)
   at OpenQA.Selenium.Support.UI.DefaultWait`1.Until[TResult](Func`2 condition, CancellationToken token)
   --- End of inner exception stack trace ---
   at OpenQA.Selenium.Support.UI.DefaultWait`1.ThrowTimeoutException(String exceptionMessage, Exception lastException)
   at OpenQA.Selenium.Support.UI.DefaultWait`1.Until[TResult](Func`2 condition, CancellationToken token)
   at OpenQA.Selenium.Support.UI.DefaultWait`1.Until[TResult](Func`2 condition)
   at Core.Core.BasePage.WaitForElement(By locator) in C:\Users\SM ZONA GEMAER\source\repos\Core\Core\BasePage.cs:line 36
   at Business.ApplicationInterface.InsightsPage.ClickNextSlideBttn() in C:\Users\SM ZONA GEMAER\source\repos\Business\ApplicationInterface\InsightsPage.cs:line 34
   at Business.Business.InsightsWorkflow.GetArticleTitle() in C:\Users\SM ZONA GEMAER\source\repos\Business\Business\InsightsWorkflow.cs:line 32
[2025-03-28 00:53:46,544] [ERROR] - TC04 Failed!
OpenQA.Selenium.WebDriverTimeoutException: Timed out after 10 seconds
 ---> OpenQA.Selenium.NoSuchElementException: no such element: Unable to locate element: {"method":"xpath","selector":"//div[contains(@class,'owl-item active')]//span[contains(@class,'font-size-44')]"}
  (Session info: chrome=134.0.6998.167); For documentation on this error, please visit: https://www.selenium.dev/documentation/webdriver/troubleshooting/errors#no-such-element-exception
   at OpenQA.Selenium.WebDriver.UnpackAndThrowOnError(Response errorResponse, String commandToExecute)
   at OpenQA.Selenium.WebDriver.ExecuteAsync(String driverCommandToExecute, Dictionary`2 parameters)
   at OpenQA.Selenium.WebDriver.Execute(String driverCommandToExecute, Dictionary`2 parameters)
   at OpenQA.Selenium.WebDriver.FindElement(String mechanism, String value)
   at SeleniumExtras.WaitHelpers.ExpectedConditions.<>c__DisplayClass7_0.<ElementIsVisible>b__0(IWebDriver driver)
   at OpenQA.Selenium.Support.UI.DefaultWait`1.Until[TResult](Func`2 condition, CancellationToken token)
   --- End of inner exception stack trace ---
   at OpenQA.Selenium.Support.UI.DefaultWait`1.ThrowTimeoutException(String exceptionMessage, Exception lastException)
   at OpenQA.Selenium.Support.UI.DefaultWait`1.Until[TResult](Func`2 condition, CancellationToken token)
   at OpenQA.Selenium.Support.UI.DefaultWait`1.Until[TResult](Func`2 condition)
   at Core.Core.BasePage.WaitForElement(By locator) in C:\Users\SM ZONA GEMAER\source\repos\Core\Core\BasePage.cs:line 36
   at Business.ApplicationInterface.InsightsPage.ClickNextSlideBttn() in C:\Users\SM ZONA GEMAER\source\repos\Business\ApplicationInterface\InsightsPage.cs:line 34
   at Business.Business.InsightsWorkflow.GetArticleTitle() in C:\Users\SM ZONA GEMAER\source\repos\Business\Business\InsightsWorkflow.cs:line 32
   at Task_TestAutomationFramework.TestsCases.TestCases.Test_04() in C:\Users\SM ZONA GEMAER\source\repos\Task_TA_Framework\TestsCases\TestCases.cs:line 114
[2025-03-28 00:53:46,836] [INFO] - Closing Browser
[2025-03-28 00:54:16,908] [INFO] - üîπ log4net initialized before test execution.
[2025-03-28 00:54:16,912] [INFO] - Starting Test setup...
[2025-03-28 00:54:19,686] [INFO] - WebDriver initialized...
[2025-03-28 00:54:20,870] [INFO] - Initializing Insights Page Instance...
[2025-03-28 00:54:23,458] [INFO] - Article Name Retireved Successfully...
[2025-03-28 00:54:23,611] [INFO] - Actual Title retrieved Successfully...
[2025-03-28 00:54:24,141] [INFO] - TC04 Executed Succcessfully
[2025-03-28 00:54:24,142] [INFO] - Closing Browser
[2025-03-28 07:13:27,071] [INFO] - üîπ log4net initialized before test execution.
[2025-03-28 07:13:27,075] [INFO] - Starting Test setup...
[2025-03-28 07:13:30,985] [INFO] - WebDriver initialized...
[2025-03-28 07:13:31,006] [INFO] - Executing Cookie handler function...
[2025-03-28 07:13:31,715] [INFO] - Initializing Careers Page Instance...
[2025-03-28 07:13:38,655] [DEBUG] - Latest job position search performed...
[2025-03-28 07:13:38,849] [DEBUG] - Programming language search executed...
[2025-03-28 07:13:38,849] [INFO] - Perform Career Search ..Executed Successfully
[2025-03-28 07:13:38,851] [INFO] - Test 01 for programming language SAP and location Bogota Passed
[2025-03-28 07:13:38,851] [INFO] - TC01 Executed Succcessfully
[2025-03-28 07:13:38,852] [INFO] - Closing Browser
[2025-03-28 07:13:38,961] [INFO] - üîπ log4net initialized before test execution.
[2025-03-28 07:13:38,961] [INFO] - Starting Test setup...
[2025-03-28 07:13:42,427] [INFO] - WebDriver initialized...
[2025-03-28 07:13:42,427] [INFO] - Executing Cookie handler function...
[2025-03-28 07:13:43,071] [INFO] - Initializing Careers Page Instance...
[2025-03-28 07:13:49,914] [DEBUG] - Latest job position search performed...
[2025-03-28 07:13:50,080] [DEBUG] - Programming language search executed...
[2025-03-28 07:13:50,080] [INFO] - Perform Career Search ..Executed Successfully
[2025-03-28 07:13:50,080] [INFO] - Test 01 for programming language Python and location All Locations Passed
[2025-03-28 07:13:50,080] [INFO] - TC01 Executed Succcessfully
[2025-03-28 07:13:50,080] [INFO] - Closing Browser
[2025-03-28 07:13:50,188] [INFO] - üîπ log4net initialized before test execution.
[2025-03-28 07:13:50,189] [INFO] - Starting Test setup...
[2025-03-28 07:13:52,403] [INFO] - WebDriver initialized...
[2025-03-28 07:13:52,403] [INFO] - Executing Cookie handler function...
[2025-03-28 07:13:54,105] [INFO] - Initializing Careers Page Instance...
[2025-03-28 07:13:59,749] [DEBUG] - Latest job position search performed...
[2025-03-28 07:13:59,893] [DEBUG] - Programming language search executed...
[2025-03-28 07:13:59,893] [INFO] - Perform Career Search ..Executed Successfully
[2025-03-28 07:13:59,893] [INFO] - Test 01 for programming language C# and location Greece Passed
[2025-03-28 07:13:59,893] [INFO] - TC01 Executed Succcessfully
[2025-03-28 07:13:59,893] [INFO] - Closing Browser
[2025-03-28 07:16:54,921] [INFO] - üîπ log4net initialized before test execution.
[2025-03-28 07:16:54,925] [INFO] - Starting Test setup...
[2025-03-28 07:16:57,558] [INFO] - WebDriver initialized...
[2025-03-28 07:16:59,253] [INFO] - Initializing About Page Instance...
[2025-03-28 07:17:02,333] [INFO] - Perform File Download..Executed Successfully
[2025-03-28 07:17:02,334] [INFO] - TC03 Executed Succcessfully
[2025-03-28 07:17:02,346] [INFO] - ‚úÖ File EPAM_Corporate_Overview_Q4FY-2024.pdf deleted successfully.
[2025-03-28 07:17:02,348] [INFO] - Closing Browser
[2025-03-28 07:23:08,208] [INFO] - üîπ log4net initialized before test execution.
[2025-03-28 07:23:08,212] [INFO] - Starting Test setup...
[2025-03-28 07:23:12,158] [INFO] - WebDriver initialized...
[2025-03-28 07:23:12,866] [INFO] - Initializing Search Page Instance...
[2025-03-28 07:24:28,479] [INFO] - Links text extraction performed...
[2025-03-28 07:24:28,479] [INFO] - Links text Validation Performed...
[2025-03-28 07:24:28,509] [ERROR] - TC02 Failed!
NUnit.Framework.AssertionException:   Expected: True
  But was:  False

   at NUnit.Framework.Assert.ReportFailure(String message)
   at NUnit.Framework.Assert.ReportFailure(ConstraintResult result, String message, Object[] args)
   at NUnit.Framework.Assert.That[TActual](TActual actual, IResolveConstraint expression, String message, Object[] args)
   at NUnit.Framework.Assert.IsTrue(Boolean condition)
   at Task_TestAutomationFramework.TestsCases.TestCases.Test_02(String searchString) in C:\Users\SM ZONA GEMAER\source\repos\Task_TA_Framework\TestsCases\TestCases.cs:line 63
[2025-03-28 07:24:28,823] [INFO] - Closing Browser
[2025-03-28 07:24:28,935] [INFO] - üîπ log4net initialized before test execution.
[2025-03-28 07:24:28,935] [INFO] - Starting Test setup...
[2025-03-28 07:24:32,040] [INFO] - WebDriver initialized...
[2025-03-28 07:24:32,697] [INFO] - Initializing Search Page Instance...
[2025-03-28 07:24:40,204] [INFO] - Links text extraction performed...
[2025-03-28 07:24:40,204] [INFO] - Links text Validation Performed...
[2025-03-28 07:24:40,205] [ERROR] - TC02 Failed!
NUnit.Framework.AssertionException:   Expected: True
  But was:  False

   at NUnit.Framework.Assert.ReportFailure(String message)
   at NUnit.Framework.Assert.ReportFailure(ConstraintResult result, String message, Object[] args)
   at NUnit.Framework.Assert.That[TActual](TActual actual, IResolveConstraint expression, String message, Object[] args)
   at NUnit.Framework.Assert.IsTrue(Boolean condition)
   at Task_TestAutomationFramework.TestsCases.TestCases.Test_02(String searchString) in C:\Users\SM ZONA GEMAER\source\repos\Task_TA_Framework\TestsCases\TestCases.cs:line 63
[2025-03-28 07:24:40,517] [INFO] - Closing Browser
[2025-03-28 07:24:42,183] [INFO] - üîπ log4net initialized before test execution.
[2025-03-28 07:24:42,183] [INFO] - Starting Test setup...
[2025-03-28 07:24:44,724] [INFO] - WebDriver initialized...
[2025-03-28 07:24:46,386] [INFO] - Initializing Search Page Instance...
[2025-03-28 07:25:28,865] [INFO] - Links text extraction performed...
[2025-03-28 07:25:28,865] [INFO] - Links text Validation Performed...
[2025-03-28 07:25:28,866] [ERROR] - TC02 Failed!
NUnit.Framework.AssertionException:   Expected: True
  But was:  False

   at NUnit.Framework.Assert.ReportFailure(String message)
   at NUnit.Framework.Assert.ReportFailure(ConstraintResult result, String message, Object[] args)
   at NUnit.Framework.Assert.That[TActual](TActual actual, IResolveConstraint expression, String message, Object[] args)
   at NUnit.Framework.Assert.IsTrue(Boolean condition)
   at Task_TestAutomationFramework.TestsCases.TestCases.Test_02(String searchString) in C:\Users\SM ZONA GEMAER\source\repos\Task_TA_Framework\TestsCases\TestCases.cs:line 63
[2025-03-28 07:25:29,159] [INFO] - Closing Browser
[2025-03-28 08:47:36,614] [INFO] - üîπ log4net initialized before test execution.
[2025-03-28 08:47:36,618] [INFO] - Starting Test setup...
[2025-03-28 08:47:40,900] [INFO] - WebDriver initialized...
[2025-03-28 08:47:40,915] [INFO] - Executing Cookie handler function...
[2025-03-28 08:47:42,125] [INFO] - Initializing Careers Page Instance...
[2025-03-28 08:47:47,227] [DEBUG] - Latest job position search performed...
[2025-03-28 08:47:49,008] [DEBUG] - Programming language search executed...
[2025-03-28 08:47:49,008] [INFO] - Perform Career Search ..Executed Successfully
[2025-03-28 08:47:49,010] [INFO] - Test 01 for programming language SAP and location Bogota Passed
[2025-03-28 08:47:49,010] [INFO] - TC01 Executed Succcessfully
[2025-03-28 08:47:49,011] [INFO] - Closing Browser
[2025-03-28 08:47:49,125] [INFO] - üîπ log4net initialized before test execution.
[2025-03-28 08:47:49,125] [INFO] - Starting Test setup...
[2025-03-28 08:47:52,260] [INFO] - WebDriver initialized...
[2025-03-28 08:47:52,260] [INFO] - Executing Cookie handler function...
[2025-03-28 08:47:52,931] [INFO] - Initializing Careers Page Instance...
[2025-03-28 08:47:57,776] [DEBUG] - Latest job position search performed...
[2025-03-28 08:47:59,646] [DEBUG] - Programming language search executed...
[2025-03-28 08:47:59,646] [INFO] - Perform Career Search ..Executed Successfully
[2025-03-28 08:47:59,647] [INFO] - Test 01 for programming language Python and location All Locations Passed
[2025-03-28 08:47:59,647] [INFO] - TC01 Executed Succcessfully
[2025-03-28 08:47:59,647] [INFO] - Closing Browser
[2025-03-28 08:47:59,746] [INFO] - üîπ log4net initialized before test execution.
[2025-03-28 08:47:59,746] [INFO] - Starting Test setup...
[2025-03-28 08:48:03,448] [INFO] - WebDriver initialized...
[2025-03-28 08:48:03,448] [INFO] - Executing Cookie handler function...
[2025-03-28 08:48:04,105] [INFO] - Initializing Careers Page Instance...
[2025-03-28 08:48:10,233] [DEBUG] - Latest job position search performed...
[2025-03-28 08:48:10,295] [DEBUG] - Programming language search executed...
[2025-03-28 08:48:10,295] [INFO] - Perform Career Search ..Executed Successfully
[2025-03-28 08:48:10,295] [INFO] - Test 01 for programming language C# and location Greece Passed
[2025-03-28 08:48:10,295] [INFO] - TC01 Executed Succcessfully
[2025-03-28 08:48:10,295] [INFO] - Closing Browser
[2025-03-28 08:48:21,013] [INFO] - üîπ log4net initialized before test execution.
[2025-03-28 08:48:21,017] [INFO] - Starting Test setup...
[2025-03-28 08:48:23,748] [INFO] - WebDriver initialized...
[2025-03-28 08:48:23,764] [INFO] - Executing Cookie handler function...
[2025-03-28 08:48:24,407] [INFO] - Initializing Careers Page Instance...
[2025-03-28 08:48:30,213] [DEBUG] - Latest job position search performed...
[2025-03-28 08:48:31,136] [DEBUG] - Programming language search executed...
[2025-03-28 08:48:31,136] [INFO] - Perform Career Search ..Executed Successfully
[2025-03-28 08:48:31,137] [INFO] - Test 01 for programming language SAP and location Bogota Passed
[2025-03-28 08:48:31,137] [INFO] - TC01 Executed Succcessfully
[2025-03-28 08:48:31,138] [INFO] - Closing Browser
[2025-03-28 08:48:31,238] [INFO] - üîπ log4net initialized before test execution.
[2025-03-28 08:48:31,238] [INFO] - Starting Test setup...
[2025-03-28 08:48:34,495] [INFO] - WebDriver initialized...
[2025-03-28 08:48:34,495] [INFO] - Executing Cookie handler function...
[2025-03-28 08:48:35,175] [INFO] - Initializing Careers Page Instance...
[2025-03-28 08:48:40,734] [DEBUG] - Latest job position search performed...
[2025-03-28 08:48:41,495] [DEBUG] - Programming language search executed...
[2025-03-28 08:48:41,496] [INFO] - Perform Career Search ..Executed Successfully
[2025-03-28 08:48:41,496] [INFO] - Test 01 for programming language Python and location All Locations Passed
[2025-03-28 08:48:41,496] [INFO] - TC01 Executed Succcessfully
[2025-03-28 08:48:41,496] [INFO] - Closing Browser
[2025-03-28 08:48:41,612] [INFO] - üîπ log4net initialized before test execution.
[2025-03-28 08:48:41,612] [INFO] - Starting Test setup...
[2025-03-28 08:48:44,982] [INFO] - WebDriver initialized...
[2025-03-28 08:48:44,983] [INFO] - Executing Cookie handler function...
[2025-03-28 08:48:45,641] [INFO] - Initializing Careers Page Instance...
[2025-03-28 08:48:49,977] [DEBUG] - Latest job position search performed...
[2025-03-28 08:48:52,208] [DEBUG] - Programming language search executed...
[2025-03-28 08:48:52,208] [INFO] - Perform Career Search ..Executed Successfully
[2025-03-28 08:48:52,208] [INFO] - Test 01 for programming language C# and location Greece Passed
[2025-03-28 08:48:52,208] [INFO] - TC01 Executed Succcessfully
[2025-03-28 08:48:52,209] [INFO] - Closing Browser
[2025-03-28 08:48:52,336] [INFO] - üîπ log4net initialized before test execution.
[2025-03-28 08:48:52,336] [INFO] - Starting Test setup...
[2025-03-28 08:48:55,719] [INFO] - WebDriver initialized...
[2025-03-28 08:48:56,367] [INFO] - Initializing Search Page Instance...
[2025-03-28 08:50:10,017] [INFO] - Links text extraction performed...
[2025-03-28 08:50:10,017] [INFO] - Links text Validation Performed...
[2025-03-28 08:50:10,040] [ERROR] - TC02 Failed!
NUnit.Framework.AssertionException:   Expected: True
  But was:  False

   at NUnit.Framework.Assert.ReportFailure(String message)
   at NUnit.Framework.Assert.ReportFailure(ConstraintResult result, String message, Object[] args)
   at NUnit.Framework.Assert.That[TActual](TActual actual, IResolveConstraint expression, String message, Object[] args)
   at NUnit.Framework.Assert.IsTrue(Boolean condition)
   at Task_TestAutomationFramework.TestsCases.TestCases.Test_02(String searchString) in C:\Users\SM ZONA GEMAER\source\repos\Task_TA_Framework\TestsCases\TestCases.cs:line 63
[2025-03-28 08:50:10,357] [INFO] - Closing Browser
[2025-03-28 08:50:10,496] [INFO] - üîπ log4net initialized before test execution.
[2025-03-28 08:50:10,496] [INFO] - Starting Test setup...
[2025-03-28 08:50:13,809] [INFO] - WebDriver initialized...
[2025-03-28 08:50:15,474] [INFO] - Initializing Search Page Instance...
[2025-03-28 08:50:23,205] [INFO] - Links text extraction performed...
[2025-03-28 08:50:23,205] [INFO] - Links text Validation Performed...
[2025-03-28 08:50:23,205] [ERROR] - TC02 Failed!
NUnit.Framework.AssertionException:   Expected: True
  But was:  False

   at NUnit.Framework.Assert.ReportFailure(String message)
   at NUnit.Framework.Assert.ReportFailure(ConstraintResult result, String message, Object[] args)
   at NUnit.Framework.Assert.That[TActual](TActual actual, IResolveConstraint expression, String message, Object[] args)
   at NUnit.Framework.Assert.IsTrue(Boolean condition)
   at Task_TestAutomationFramework.TestsCases.TestCases.Test_02(String searchString) in C:\Users\SM ZONA GEMAER\source\repos\Task_TA_Framework\TestsCases\TestCases.cs:line 63
[2025-03-28 08:50:23,509] [INFO] - Closing Browser
[2025-03-28 08:50:25,195] [INFO] - üîπ log4net initialized before test execution.
[2025-03-28 08:50:25,195] [INFO] - Starting Test setup...
[2025-03-28 08:50:28,931] [INFO] - WebDriver initialized...
[2025-03-28 08:50:29,567] [INFO] - Initializing Search Page Instance...
[2025-03-28 08:51:12,114] [INFO] - Links text extraction performed...
[2025-03-28 08:51:12,114] [INFO] - Links text Validation Performed...
[2025-03-28 08:51:12,115] [ERROR] - TC02 Failed!
NUnit.Framework.AssertionException:   Expected: True
  But was:  False

   at NUnit.Framework.Assert.ReportFailure(String message)
   at NUnit.Framework.Assert.ReportFailure(ConstraintResult result, String message, Object[] args)
   at NUnit.Framework.Assert.That[TActual](TActual actual, IResolveConstraint expression, String message, Object[] args)
   at NUnit.Framework.Assert.IsTrue(Boolean condition)
   at Task_TestAutomationFramework.TestsCases.TestCases.Test_02(String searchString) in C:\Users\SM ZONA GEMAER\source\repos\Task_TA_Framework\TestsCases\TestCases.cs:line 63
[2025-03-28 08:51:12,398] [INFO] - Closing Browser
[2025-03-28 08:51:12,514] [INFO] - üîπ log4net initialized before test execution.
[2025-03-28 08:51:12,514] [INFO] - Starting Test setup...
[2025-03-28 08:51:15,572] [INFO] - WebDriver initialized...
[2025-03-28 08:51:16,236] [INFO] - Initializing About Page Instance...
[2025-03-28 08:51:19,738] [INFO] - Perform File Download..Executed Successfully
[2025-03-28 08:51:19,739] [INFO] - TC03 Executed Succcessfully
[2025-03-28 08:51:19,756] [INFO] - ‚úÖ File EPAM_Corporate_Overview_Q4FY-2024.pdf deleted successfully.
[2025-03-28 08:51:19,756] [INFO] - Closing Browser
[2025-03-28 08:51:19,873] [INFO] - üîπ log4net initialized before test execution.
[2025-03-28 08:51:19,873] [INFO] - Starting Test setup...
[2025-03-28 08:51:22,948] [INFO] - WebDriver initialized...
[2025-03-28 08:51:23,628] [INFO] - Initializing Insights Page Instance...
[2025-03-28 08:51:26,306] [INFO] - Article Name Retireved Successfully...
[2025-03-28 08:51:27,608] [INFO] - Actual Title retrieved Successfully...
[2025-03-28 08:51:27,644] [INFO] - TC04 Executed Succcessfully
[2025-03-28 08:51:27,644] [INFO] - Closing Browser
[2025-03-28 14:04:55,655] [INFO] - üîπ log4net initialized before test execution.
[2025-03-28 14:04:55,660] [INFO] - Starting Test setup...
[2025-03-28 14:05:00,226] [INFO] - WebDriver initialized...
[2025-03-28 14:05:00,239] [INFO] - Executing Cookie handler function...
[2025-03-28 14:05:00,971] [INFO] - Initializing Careers Page Instance...
[2025-03-28 14:05:07,655] [DEBUG] - Latest job position search performed...
[2025-03-28 14:05:07,836] [DEBUG] - Programming language search executed...
[2025-03-28 14:05:07,836] [INFO] - Perform Career Search ..Executed Successfully
[2025-03-28 14:05:07,837] [INFO] - Test 01 for programming language SAP and location Bogota Passed
[2025-03-28 14:05:07,837] [INFO] - TC01 Executed Succcessfully
[2025-03-28 14:05:07,838] [INFO] - Closing Browser
[2025-03-28 14:05:07,945] [INFO] - üîπ log4net initialized before test execution.
[2025-03-28 14:05:07,945] [INFO] - Starting Test setup...
[2025-03-28 14:05:11,462] [INFO] - WebDriver initialized...
[2025-03-28 14:05:11,463] [INFO] - Executing Cookie handler function...
[2025-03-28 14:05:12,649] [INFO] - Initializing Careers Page Instance...
[2025-03-28 14:05:18,876] [DEBUG] - Latest job position search performed...
[2025-03-28 14:05:19,082] [DEBUG] - Programming language search executed...
[2025-03-28 14:05:19,083] [INFO] - Perform Career Search ..Executed Successfully
[2025-03-28 14:05:19,083] [INFO] - Test 01 for programming language Python and location All Locations Passed
[2025-03-28 14:05:19,083] [INFO] - TC01 Executed Succcessfully
[2025-03-28 14:05:19,083] [INFO] - Closing Browser
[2025-03-28 14:05:19,213] [INFO] - üîπ log4net initialized before test execution.
[2025-03-28 14:05:19,213] [INFO] - Starting Test setup...
[2025-03-28 14:05:21,601] [INFO] - WebDriver initialized...
[2025-03-28 14:05:21,602] [INFO] - Executing Cookie handler function...
[2025-03-28 14:05:23,326] [INFO] - Initializing Careers Page Instance...
[2025-03-28 14:05:29,783] [DEBUG] - Latest job position search performed...
[2025-03-28 14:05:29,821] [DEBUG] - Programming language search executed...
[2025-03-28 14:05:29,821] [INFO] - Perform Career Search ..Executed Successfully
[2025-03-28 14:05:29,821] [INFO] - Test 01 for programming language C# and location Greece Passed
[2025-03-28 14:05:29,821] [INFO] - TC01 Executed Succcessfully
[2025-03-28 14:05:29,821] [INFO] - Closing Browser
[2025-03-28 15:25:35,936] [INFO] - üîπ log4net initialized before test execution.
[2025-03-28 15:25:35,940] [INFO] - Starting Test setup...
[2025-03-28 15:25:40,526] [INFO] - WebDriver initialized...
[2025-03-28 15:25:41,256] [INFO] - Initializing About Page Instance...
[2025-03-28 15:25:44,570] [INFO] - Perform File Download..Executed Successfully
[2025-03-28 15:25:44,571] [INFO] - TC03 Executed Succcessfully
[2025-03-28 15:25:44,593] [INFO] - ‚úÖ File EPAM_Corporate_Overview_Q4FY-2024.pdf deleted successfully.
[2025-03-28 15:25:44,594] [INFO] - Closing Browser
[2025-03-28 15:25:44,719] [INFO] - üîπ log4net initialized before test execution.
[2025-03-28 15:25:44,720] [INFO] - Starting Test setup...
[2025-03-28 15:25:47,884] [INFO] - WebDriver initialized...
[2025-03-28 15:25:48,663] [INFO] - Initializing Insights Page Instance...
[2025-03-28 15:25:51,472] [INFO] - Article Name Retireved Successfully...
[2025-03-28 15:25:52,745] [INFO] - Actual Title retrieved Successfully...
[2025-03-28 15:25:52,776] [INFO] - TC04 Executed Succcessfully
[2025-03-28 15:25:52,777] [INFO] - Closing Browser
[2025-03-28 15:33:46,508] [INFO] - üîπ log4net initialized before test execution.
[2025-03-28 15:33:46,512] [INFO] - Starting Test setup...
[2025-03-28 15:33:48,703] [INFO] - WebDriver initialized...
[2025-03-28 15:33:50,440] [INFO] - Initializing About Page Instance...
[2025-03-28 15:33:53,409] [INFO] - Perform File Download..Executed Successfully
[2025-03-28 15:33:53,411] [INFO] - TC03 Executed Succcessfully
[2025-03-28 15:33:53,429] [INFO] - ‚úÖ File EPAM_Corporate_Overview_Q4FY-2024.pdf deleted successfully.
[2025-03-28 15:33:53,431] [INFO] - Closing Browser
[2025-03-28 15:33:53,545] [INFO] - üîπ log4net initialized before test execution.
[2025-03-28 15:33:53,545] [INFO] - Starting Test setup...
[2025-03-28 15:33:57,046] [INFO] - WebDriver initialized...
[2025-03-28 15:33:57,694] [INFO] - Initializing Insights Page Instance...
[2025-03-28 15:34:00,651] [INFO] - Article Name Retireved Successfully...
[2025-03-28 15:34:01,804] [INFO] - Actual Title retrieved Successfully...
[2025-03-28 15:34:01,836] [INFO] - TC04 Executed Succcessfully
[2025-03-28 15:34:01,837] [INFO] - Closing Browser
[2025-04-16 23:28:37,295] [INFO] - üîπ log4net initialized before test execution.
[2025-04-16 23:28:37,300] [INFO] - Starting Test setup...
[2025-04-16 23:28:40,952] [INFO] - WebDriver initialized...
[2025-04-16 23:28:40,968] [INFO] - Executing Cookie handler function...
[2025-04-16 23:28:42,245] [INFO] - Initializing Careers Page Instance...
[2025-04-16 23:28:49,205] [DEBUG] - Latest job position search performed...
[2025-04-16 23:28:49,391] [DEBUG] - Programming language search executed...
[2025-04-16 23:28:49,391] [INFO] - Perform Career Search ..Executed Successfully
[2025-04-16 23:28:49,392] [INFO] - Test 01 for programming language SAP and location Bogota Passed
[2025-04-16 23:28:49,392] [INFO] - TC01 Executed Succcessfully
[2025-04-16 23:28:49,393] [INFO] - Closing Browser
[2025-04-16 23:28:49,496] [INFO] - üîπ log4net initialized before test execution.
[2025-04-16 23:28:49,496] [INFO] - Starting Test setup...
[2025-04-16 23:28:52,342] [INFO] - WebDriver initialized...
[2025-04-16 23:28:52,343] [INFO] - Executing Cookie handler function...
[2025-04-16 23:28:53,584] [INFO] - Initializing Careers Page Instance...
[2025-04-16 23:29:00,131] [DEBUG] - Latest job position search performed...
[2025-04-16 23:29:00,248] [DEBUG] - Programming language search executed...
[2025-04-16 23:29:00,249] [INFO] - Perform Career Search ..Executed Successfully
[2025-04-16 23:29:00,249] [INFO] - Test 01 for programming language Python and location All Locations Passed
[2025-04-16 23:29:00,249] [INFO] - TC01 Executed Succcessfully
[2025-04-16 23:29:00,249] [INFO] - Closing Browser
[2025-04-16 23:29:00,358] [INFO] - üîπ log4net initialized before test execution.
[2025-04-16 23:29:00,359] [INFO] - Starting Test setup...
[2025-04-16 23:29:03,647] [INFO] - WebDriver initialized...
[2025-04-16 23:29:03,648] [INFO] - Executing Cookie handler function...
[2025-04-16 23:29:04,885] [INFO] - Initializing Careers Page Instance...
[2025-04-16 23:29:10,692] [DEBUG] - Latest job position search performed...
[2025-04-16 23:29:10,800] [DEBUG] - Programming language search executed...
[2025-04-16 23:29:10,801] [INFO] - Perform Career Search ..Executed Successfully
[2025-04-16 23:29:10,801] [INFO] - Test 01 for programming language C# and location Greece Passed
[2025-04-16 23:29:10,801] [INFO] - TC01 Executed Succcessfully
[2025-04-16 23:29:10,801] [INFO] - Closing Browser
[2025-04-16 23:29:10,904] [INFO] - üîπ log4net initialized before test execution.
[2025-04-16 23:29:10,904] [INFO] - Starting Test setup...
[2025-04-16 23:29:13,239] [INFO] - WebDriver initialized...
[2025-04-16 23:29:14,916] [INFO] - Initializing Search Page Instance...
[2025-04-16 23:30:30,299] [INFO] - Links text extraction performed...
[2025-04-16 23:30:30,300] [INFO] - Links text Validation Performed...
[2025-04-16 23:30:30,313] [ERROR] - TC02 Failed!
NUnit.Framework.AssertionException:   Expected: True
  But was:  False

   at NUnit.Framework.Assert.ReportFailure(String message)
   at NUnit.Framework.Assert.ReportFailure(ConstraintResult result, String message, Object[] args)
   at NUnit.Framework.Assert.That[TActual](TActual actual, IResolveConstraint expression, String message, Object[] args)
   at NUnit.Framework.Assert.IsTrue(Boolean condition)
   at Task_TestAutomationFramework.TestsCases.TestCases.Test_02(String searchString) in C:\Users\SM ZONA GEMAER\OneDrive\Escritorio\TA_Framework + API Testing\Task_TA_Framework\TestsCases\TestCases.cs:line 63
[2025-04-16 23:30:30,635] [INFO] - Closing Browser
[2025-04-16 23:30:30,769] [INFO] - üîπ log4net initialized before test execution.
[2025-04-16 23:30:30,769] [INFO] - Starting Test setup...
[2025-04-16 23:30:33,319] [INFO] - WebDriver initialized...
[2025-04-16 23:30:34,491] [INFO] - Initializing Search Page Instance...
[2025-04-16 23:30:42,716] [INFO] - Links text extraction performed...
[2025-04-16 23:30:42,716] [INFO] - Links text Validation Performed...
[2025-04-16 23:30:42,717] [ERROR] - TC02 Failed!
NUnit.Framework.AssertionException:   Expected: True
  But was:  False

   at NUnit.Framework.Assert.ReportFailure(String message)
   at NUnit.Framework.Assert.ReportFailure(ConstraintResult result, String message, Object[] args)
   at NUnit.Framework.Assert.That[TActual](TActual actual, IResolveConstraint expression, String message, Object[] args)
   at NUnit.Framework.Assert.IsTrue(Boolean condition)
   at Task_TestAutomationFramework.TestsCases.TestCases.Test_02(String searchString) in C:\Users\SM ZONA GEMAER\OneDrive\Escritorio\TA_Framework + API Testing\Task_TA_Framework\TestsCases\TestCases.cs:line 63
[2025-04-16 23:30:43,029] [INFO] - Closing Browser
[2025-04-16 23:30:44,713] [INFO] - üîπ log4net initialized before test execution.
[2025-04-16 23:30:44,713] [INFO] - Starting Test setup...
[2025-04-16 23:30:47,457] [INFO] - WebDriver initialized...
[2025-04-16 23:30:49,672] [INFO] - Initializing Search Page Instance...
[2025-04-16 23:31:32,936] [INFO] - Links text extraction performed...
[2025-04-16 23:31:32,937] [INFO] - Links text Validation Performed...
[2025-04-16 23:31:32,937] [ERROR] - TC02 Failed!
NUnit.Framework.AssertionException:   Expected: True
  But was:  False

   at NUnit.Framework.Assert.ReportFailure(String message)
   at NUnit.Framework.Assert.ReportFailure(ConstraintResult result, String message, Object[] args)
   at NUnit.Framework.Assert.That[TActual](TActual actual, IResolveConstraint expression, String message, Object[] args)
   at NUnit.Framework.Assert.IsTrue(Boolean condition)
   at Task_TestAutomationFramework.TestsCases.TestCases.Test_02(String searchString) in C:\Users\SM ZONA GEMAER\OneDrive\Escritorio\TA_Framework + API Testing\Task_TA_Framework\TestsCases\TestCases.cs:line 63
[2025-04-16 23:31:33,237] [INFO] - Closing Browser
[2025-04-16 23:31:33,354] [INFO] - üîπ log4net initialized before test execution.
[2025-04-16 23:31:33,355] [INFO] - Starting Test setup...
[2025-04-16 23:31:35,929] [INFO] - WebDriver initialized...
[2025-04-16 23:31:37,138] [INFO] - Initializing About Page Instance...
[2025-04-16 23:31:39,927] [INFO] - Perform File Download..Executed Successfully
[2025-04-16 23:31:39,927] [INFO] - TC03 Executed Succcessfully
[2025-04-16 23:31:39,954] [INFO] - Closed Acrobat
[2025-04-16 23:31:39,959] [INFO] - Closed Acrobat
[2025-04-16 23:31:39,973] [INFO] - ‚úÖ File EPAM_Corporate_Overview_Q4FY-2024.pdf deleted successfully.
[2025-04-16 23:31:39,974] [INFO] - Closing Browser
[2025-04-16 23:31:40,098] [INFO] - üîπ log4net initialized before test execution.
[2025-04-16 23:31:40,098] [INFO] - Starting Test setup...
[2025-04-16 23:31:42,636] [INFO] - WebDriver initialized...
[2025-04-16 23:31:43,851] [INFO] - Initializing Insights Page Instance...
[2025-04-16 23:31:46,972] [INFO] - Article Name Retireved Successfully...
[2025-04-16 23:31:48,410] [INFO] - Actual Title retrieved Successfully...
[2025-04-16 23:31:48,437] [INFO] - TC04 Executed Succcessfully
[2025-04-16 23:31:48,438] [INFO] - Closing Browser
[2025-04-16 23:42:51,192] [INFO] - üîπ log4net initialized before test execution.
[2025-04-16 23:42:51,198] [INFO] - Starting Test setup...
[2025-04-16 23:42:54,225] [INFO] - WebDriver initialized...
[2025-04-16 23:42:55,655] [INFO] - Initializing About Page Instance...
[2025-04-16 23:42:59,017] [INFO] - Perform File Download..Executed Successfully
[2025-04-16 23:42:59,018] [INFO] - TC03 Executed Succcessfully
[2025-04-16 23:42:59,042] [INFO] - Closed Acrobat
[2025-04-16 23:42:59,048] [INFO] - Closed Acrobat
[2025-04-16 23:42:59,049] [INFO] - ‚úÖ File EPAM_Corporate_Overview_Q4FY-2024.pdf deleted successfully.
[2025-04-16 23:42:59,050] [INFO] - Closing Browser
[2025-04-16 23:42:59,181] [INFO] - üîπ log4net initialized before test execution.
[2025-04-16 23:42:59,181] [INFO] - Starting Test setup...
[2025-04-16 23:43:01,996] [INFO] - WebDriver initialized...
[2025-04-16 23:43:03,200] [INFO] - Initializing Insights Page Instance...
[2025-04-16 23:43:05,540] [INFO] - Article Name Retireved Successfully...
[2025-04-16 23:43:05,705] [INFO] - Actual Title retrieved Successfully...
[2025-04-16 23:43:06,209] [INFO] - TC04 Executed Succcessfully
[2025-04-16 23:43:06,210] [INFO] - Closing Browser
[2025-04-17 00:34:25,706] [INFO] - üîπ log4net initialized before test execution.
[2025-04-17 00:34:25,713] [INFO] - Starting Test setup...
[2025-04-17 00:34:29,373] [INFO] - WebDriver initialized...
[2025-04-17 00:34:29,387] [INFO] - Executing Cookie handler function...
[2025-04-17 00:34:30,654] [INFO] - Initializing Careers Page Instance...
[2025-04-17 00:34:38,223] [DEBUG] - Latest job position search performed...
[2025-04-17 00:34:38,417] [DEBUG] - Programming language search executed...
[2025-04-17 00:34:38,417] [INFO] - Perform Career Search ..Executed Successfully
[2025-04-17 00:34:38,418] [INFO] - Test 01 for programming language SAP and location Bogota Passed
[2025-04-17 00:34:38,418] [INFO] - TC01 Executed Succcessfully
[2025-04-17 00:34:38,419] [INFO] - Closing Browser
[2025-04-17 00:34:38,524] [INFO] - üîπ log4net initialized before test execution.
[2025-04-17 00:34:38,524] [INFO] - Starting Test setup...
[2025-04-17 00:34:41,104] [INFO] - WebDriver initialized...
[2025-04-17 00:34:41,105] [INFO] - Executing Cookie handler function...
[2025-04-17 00:34:42,291] [INFO] - Initializing Careers Page Instance...
[2025-04-17 00:34:50,382] [DEBUG] - Latest job position search performed...
[2025-04-17 00:34:50,431] [DEBUG] - Programming language search executed...
[2025-04-17 00:34:50,431] [INFO] - Perform Career Search ..Executed Successfully
[2025-04-17 00:34:50,431] [INFO] - Test 01 for programming language Python and location All Locations Passed
[2025-04-17 00:34:50,431] [INFO] - TC01 Executed Succcessfully
[2025-04-17 00:34:50,432] [INFO] - Closing Browser
[2025-04-17 00:34:50,551] [INFO] - üîπ log4net initialized before test execution.
[2025-04-17 00:34:50,551] [INFO] - Starting Test setup...
[2025-04-17 00:34:52,978] [INFO] - WebDriver initialized...
[2025-04-17 00:34:52,979] [INFO] - Executing Cookie handler function...
[2025-04-17 00:34:54,680] [INFO] - Initializing Careers Page Instance...
[2025-04-17 00:35:00,567] [DEBUG] - Latest job position search performed...
[2025-04-17 00:35:00,619] [DEBUG] - Programming language search executed...
[2025-04-17 00:35:00,619] [INFO] - Perform Career Search ..Executed Successfully
[2025-04-17 00:35:00,619] [INFO] - Test 01 for programming language C# and location Greece Passed
[2025-04-17 00:35:00,619] [INFO] - TC01 Executed Succcessfully
[2025-04-17 00:35:00,619] [INFO] - Closing Browser
[2025-04-17 00:35:00,727] [INFO] - üîπ log4net initialized before test execution.
[2025-04-17 00:35:00,727] [INFO] - Starting Test setup...
[2025-04-17 00:35:03,320] [INFO] - WebDriver initialized...
[2025-04-17 00:35:04,503] [INFO] - Initializing Search Page Instance...
[2025-04-17 00:36:20,797] [INFO] - Links text extraction performed...
[2025-04-17 00:36:20,797] [INFO] - Links text Validation Performed...
[2025-04-17 00:36:20,810] [ERROR] - TC02 Failed!
NUnit.Framework.AssertionException:   Expected: True
  But was:  False

   at NUnit.Framework.Assert.ReportFailure(String message)
   at NUnit.Framework.Assert.ReportFailure(ConstraintResult result, String message, Object[] args)
   at NUnit.Framework.Assert.That[TActual](TActual actual, IResolveConstraint expression, String message, Object[] args)
   at NUnit.Framework.Assert.IsTrue(Boolean condition)
   at Task_TestAutomationFramework.UI_TestsCases.TestCases.Test_02(String searchString) in C:\Users\SM ZONA GEMAER\OneDrive\Escritorio\TA_Framework + API Testing\Task_TA_Framework\UI_TestsCases\TestCases.cs:line 63
[2025-04-17 00:36:21,127] [INFO] - Closing Browser
[2025-04-17 00:36:21,264] [INFO] - üîπ log4net initialized before test execution.
[2025-04-17 00:36:21,264] [INFO] - Starting Test setup...
[2025-04-17 00:36:23,997] [INFO] - WebDriver initialized...
[2025-04-17 00:36:26,198] [INFO] - Initializing Search Page Instance...
[2025-04-17 00:36:34,018] [INFO] - Links text extraction performed...
[2025-04-17 00:36:34,018] [INFO] - Links text Validation Performed...
[2025-04-17 00:36:34,019] [ERROR] - TC02 Failed!
NUnit.Framework.AssertionException:   Expected: True
  But was:  False

   at NUnit.Framework.Assert.ReportFailure(String message)
   at NUnit.Framework.Assert.ReportFailure(ConstraintResult result, String message, Object[] args)
   at NUnit.Framework.Assert.That[TActual](TActual actual, IResolveConstraint expression, String message, Object[] args)
   at NUnit.Framework.Assert.IsTrue(Boolean condition)
   at Task_TestAutomationFramework.UI_TestsCases.TestCases.Test_02(String searchString) in C:\Users\SM ZONA GEMAER\OneDrive\Escritorio\TA_Framework + API Testing\Task_TA_Framework\UI_TestsCases\TestCases.cs:line 63
[2025-04-17 00:36:34,326] [INFO] - Closing Browser
[2025-04-17 00:36:36,002] [INFO] - üîπ log4net initialized before test execution.
[2025-04-17 00:36:36,002] [INFO] - Starting Test setup...
[2025-04-17 00:36:38,206] [INFO] - WebDriver initialized...
[2025-04-17 00:36:39,947] [INFO] - Initializing Search Page Instance...
[2025-04-17 00:37:23,352] [INFO] - Links text extraction performed...
[2025-04-17 00:37:23,353] [INFO] - Links text Validation Performed...
[2025-04-17 00:37:23,353] [ERROR] - TC02 Failed!
NUnit.Framework.AssertionException:   Expected: True
  But was:  False

   at NUnit.Framework.Assert.ReportFailure(String message)
   at NUnit.Framework.Assert.ReportFailure(ConstraintResult result, String message, Object[] args)
   at NUnit.Framework.Assert.That[TActual](TActual actual, IResolveConstraint expression, String message, Object[] args)
   at NUnit.Framework.Assert.IsTrue(Boolean condition)
   at Task_TestAutomationFramework.UI_TestsCases.TestCases.Test_02(String searchString) in C:\Users\SM ZONA GEMAER\OneDrive\Escritorio\TA_Framework + API Testing\Task_TA_Framework\UI_TestsCases\TestCases.cs:line 63
[2025-04-17 00:37:23,655] [INFO] - Closing Browser
[2025-04-17 00:37:23,786] [INFO] - üîπ log4net initialized before test execution.
[2025-04-17 00:37:23,786] [INFO] - Starting Test setup...
[2025-04-17 00:37:26,500] [INFO] - WebDriver initialized...
[2025-04-17 00:37:27,734] [INFO] - Initializing About Page Instance...
[2025-04-17 00:37:30,457] [INFO] - Perform File Download..Executed Successfully
[2025-04-17 00:37:30,457] [INFO] - TC03 Executed Succcessfully
[2025-04-17 00:37:30,491] [INFO] - Closed Acrobat
[2025-04-17 00:37:30,498] [INFO] - Closed Acrobat
[2025-04-17 00:37:30,500] [INFO] - ‚úÖ File EPAM_Corporate_Overview_Q4FY-2024.pdf deleted successfully.
[2025-04-17 00:37:30,500] [INFO] - Closing Browser
[2025-04-17 00:37:30,611] [INFO] - üîπ log4net initialized before test execution.
[2025-04-17 00:37:30,611] [INFO] - Starting Test setup...
[2025-04-17 00:37:33,103] [INFO] - WebDriver initialized...
[2025-04-17 00:37:34,280] [INFO] - Initializing Insights Page Instance...
[2025-04-17 00:37:37,214] [INFO] - Article Name Retireved Successfully...
[2025-04-17 00:37:38,353] [INFO] - Actual Title retrieved Successfully...
[2025-04-17 00:37:38,385] [INFO] - TC04 Executed Succcessfully
[2025-04-17 00:37:38,385] [INFO] - Closing Browser
[2025-04-17 00:37:38,579] [INFO] - Starting Task5: Request to an invalid endpoint.
[2025-04-17 00:37:38,579] [INFO] - Starting Task2: Validate response headers for /users.
[2025-04-17 00:37:38,579] [INFO] - Starting Task1: Fetch list of users.
[2025-04-17 00:37:38,579] [INFO] - Starting Task4: Create a new user.
[2025-04-17 00:37:38,579] [INFO] - Starting Task3: Validate user content and structure.
[2025-04-17 00:37:38,884] [INFO] - Received 200 OK status.
[2025-04-17 00:37:38,885] [INFO] - Task5 completed successfully.
[2025-04-17 00:37:38,886] [INFO] - User count received: 10
[2025-04-17 00:37:38,886] [INFO] - Task1 completed successfully.
[2025-04-17 00:37:38,888] [INFO] - Task3 completed successfully.
[2025-04-17 00:37:38,957] [INFO] - Task4 completed successfully.
[2025-04-17 16:02:16,205] [INFO] - üîπ log4net initialized before test execution.
[2025-04-17 16:02:16,209] [INFO] - Starting Test setup...
[2025-04-17 16:02:20,662] [INFO] - WebDriver initialized...
[2025-04-17 16:02:20,689] [INFO] - Executing Cookie handler function...
[2025-04-17 16:02:22,475] [INFO] - Initializing Careers Page Instance...
[2025-04-17 16:02:29,684] [DEBUG] - Latest job position search performed...
[2025-04-17 16:02:29,834] [DEBUG] - Programming language search executed...
[2025-04-17 16:02:29,835] [INFO] - Perform Career Search ..Executed Successfully
[2025-04-17 16:02:29,837] [INFO] - Test 01 for programming language SAP and location Bogota Passed
[2025-04-17 16:02:29,837] [INFO] - TC01 Executed Succcessfully
[2025-04-17 16:02:29,838] [INFO] - Closing Browser
[2025-04-17 16:02:29,950] [INFO] - üîπ log4net initialized before test execution.
[2025-04-17 16:02:29,950] [INFO] - Starting Test setup...
[2025-04-17 16:02:32,432] [INFO] - WebDriver initialized...
[2025-04-17 16:02:32,433] [INFO] - Executing Cookie handler function...
[2025-04-17 16:02:34,171] [INFO] - Initializing Careers Page Instance...
[2025-04-17 16:02:40,671] [DEBUG] - Latest job position search performed...
[2025-04-17 16:02:41,315] [DEBUG] - Programming language search executed...
[2025-04-17 16:02:41,316] [INFO] - Perform Career Search ..Executed Successfully
[2025-04-17 16:02:41,316] [INFO] - Test 01 for programming language Python and location All Locations Passed
[2025-04-17 16:02:41,316] [INFO] - TC01 Executed Succcessfully
[2025-04-17 16:02:41,316] [INFO] - Closing Browser
[2025-04-17 16:02:41,424] [INFO] - üîπ log4net initialized before test execution.
[2025-04-17 16:02:41,425] [INFO] - Starting Test setup...
[2025-04-17 16:02:43,735] [INFO] - WebDriver initialized...
[2025-04-17 16:02:43,736] [INFO] - Executing Cookie handler function...
[2025-04-17 16:02:45,416] [INFO] - Initializing Careers Page Instance...
[2025-04-17 16:02:50,983] [DEBUG] - Latest job position search performed...
[2025-04-17 16:02:51,047] [DEBUG] - Programming language search executed...
[2025-04-17 16:02:51,048] [INFO] - Perform Career Search ..Executed Successfully
[2025-04-17 16:02:51,048] [INFO] - Test 01 for programming language C# and location Greece Passed
[2025-04-17 16:02:51,048] [INFO] - TC01 Executed Succcessfully
[2025-04-17 16:02:51,048] [INFO] - Closing Browser
[2025-04-17 16:02:51,153] [INFO] - üîπ log4net initialized before test execution.
[2025-04-17 16:02:51,154] [INFO] - Starting Test setup...
[2025-04-17 16:02:53,463] [INFO] - WebDriver initialized...
[2025-04-17 16:02:55,163] [INFO] - Initializing Search Page Instance...
[2025-04-17 16:04:10,842] [INFO] - Links text extraction performed...
[2025-04-17 16:04:10,842] [INFO] - Links text Validation Performed...
[2025-04-17 16:04:10,863] [ERROR] - TC02 Failed!
NUnit.Framework.AssertionException:   Expected: True
  But was:  False

   at NUnit.Framework.Assert.ReportFailure(String message)
   at NUnit.Framework.Assert.ReportFailure(ConstraintResult result, String message, Object[] args)
   at NUnit.Framework.Assert.That[TActual](TActual actual, IResolveConstraint expression, String message, Object[] args)
   at NUnit.Framework.Assert.IsTrue(Boolean condition)
   at Task_TestAutomationFramework.UI_TestsCases.TestCases.Test_02(String searchString) in C:\Users\SM ZONA GEMAER\OneDrive\Escritorio\TA_Framework + API Testing\Task_TA_Framework\UI_TestsCases\TestCases.cs:line 63
[2025-04-17 16:04:11,195] [INFO] - Closing Browser
[2025-04-17 16:04:11,332] [INFO] - üîπ log4net initialized before test execution.
[2025-04-17 16:04:11,333] [INFO] - Starting Test setup...
[2025-04-17 16:04:14,226] [INFO] - WebDriver initialized...
[2025-04-17 16:04:15,443] [INFO] - Initializing Search Page Instance...
[2025-04-17 16:04:23,600] [INFO] - Links text extraction performed...
[2025-04-17 16:04:23,601] [INFO] - Links text Validation Performed...
[2025-04-17 16:04:23,601] [ERROR] - TC02 Failed!
NUnit.Framework.AssertionException:   Expected: True
  But was:  False

   at NUnit.Framework.Assert.ReportFailure(String message)
   at NUnit.Framework.Assert.ReportFailure(ConstraintResult result, String message, Object[] args)
   at NUnit.Framework.Assert.That[TActual](TActual actual, IResolveConstraint expression, String message, Object[] args)
   at NUnit.Framework.Assert.IsTrue(Boolean condition)
   at Task_TestAutomationFramework.UI_TestsCases.TestCases.Test_02(String searchString) in C:\Users\SM ZONA GEMAER\OneDrive\Escritorio\TA_Framework + API Testing\Task_TA_Framework\UI_TestsCases\TestCases.cs:line 63
[2025-04-17 16:04:23,907] [INFO] - Closing Browser
[2025-04-17 16:04:24,026] [INFO] - üîπ log4net initialized before test execution.
[2025-04-17 16:04:24,027] [INFO] - Starting Test setup...
[2025-04-17 16:04:27,014] [INFO] - WebDriver initialized...
[2025-04-17 16:04:28,256] [INFO] - Initializing Search Page Instance...
[2025-04-17 16:05:11,318] [INFO] - Links text extraction performed...
[2025-04-17 16:05:11,318] [INFO] - Links text Validation Performed...
[2025-04-17 16:05:11,319] [ERROR] - TC02 Failed!
NUnit.Framework.AssertionException:   Expected: True
  But was:  False

   at NUnit.Framework.Assert.ReportFailure(String message)
   at NUnit.Framework.Assert.ReportFailure(ConstraintResult result, String message, Object[] args)
   at NUnit.Framework.Assert.That[TActual](TActual actual, IResolveConstraint expression, String message, Object[] args)
   at NUnit.Framework.Assert.IsTrue(Boolean condition)
   at Task_TestAutomationFramework.UI_TestsCases.TestCases.Test_02(String searchString) in C:\Users\SM ZONA GEMAER\OneDrive\Escritorio\TA_Framework + API Testing\Task_TA_Framework\UI_TestsCases\TestCases.cs:line 63
[2025-04-17 16:05:11,627] [INFO] - Closing Browser
[2025-04-17 16:05:11,743] [INFO] - üîπ log4net initialized before test execution.
[2025-04-17 16:05:11,743] [INFO] - Starting Test setup...
[2025-04-17 16:05:14,842] [INFO] - WebDriver initialized...
[2025-04-17 16:05:15,497] [INFO] - Initializing About Page Instance...
[2025-04-17 16:05:18,564] [INFO] - Perform File Download..Executed Successfully
[2025-04-17 16:05:18,564] [INFO] - TC03 Executed Succcessfully
[2025-04-17 16:05:18,605] [INFO] - ‚úÖ File EPAM_Corporate_Overview_Q4FY-2024.pdf deleted successfully.
[2025-04-17 16:05:18,605] [INFO] - Closing Browser
[2025-04-17 16:05:18,728] [INFO] - üîπ log4net initialized before test execution.
[2025-04-17 16:05:18,728] [INFO] - Starting Test setup...
[2025-04-17 16:05:21,974] [INFO] - WebDriver initialized...
[2025-04-17 16:05:22,639] [INFO] - Initializing Insights Page Instance...
[2025-04-17 16:05:26,287] [INFO] - Article Name Retireved Successfully...
[2025-04-17 16:05:27,670] [INFO] - Actual Title retrieved Successfully...
[2025-04-17 16:05:27,699] [INFO] - TC04 Executed Succcessfully
[2025-04-17 16:05:27,699] [INFO] - Closing Browser
[2025-04-17 16:59:22,250] [INFO] - üîπ log4net initialized before test execution.
[2025-04-17 16:59:22,254] [INFO] - Starting Test setup...
[2025-04-17 16:59:25,413] [INFO] - WebDriver initialized...
[2025-04-17 16:59:25,429] [INFO] - Executing Cookie handler function...
[2025-04-17 16:59:26,156] [INFO] - Initializing Careers Page Instance...
[2025-04-17 16:59:32,906] [DEBUG] - Latest job position search performed...
[2025-04-17 16:59:33,128] [DEBUG] - Programming language search executed...
[2025-04-17 16:59:33,128] [INFO] - Perform Career Search ..Executed Successfully
[2025-04-17 16:59:33,129] [INFO] - Test 01 for programming language SAP and location Bogota Passed
[2025-04-17 16:59:33,129] [INFO] - TC01 Executed Succcessfully
[2025-04-17 16:59:33,130] [INFO] - Closing Browser
[2025-04-17 16:59:33,234] [INFO] - üîπ log4net initialized before test execution.
[2025-04-17 16:59:33,234] [INFO] - Starting Test setup...
[2025-04-17 16:59:36,437] [INFO] - WebDriver initialized...
[2025-04-17 16:59:36,438] [INFO] - Executing Cookie handler function...
[2025-04-17 16:59:37,143] [INFO] - Initializing Careers Page Instance...
[2025-04-17 16:59:43,428] [DEBUG] - Latest job position search performed...
[2025-04-17 16:59:43,481] [DEBUG] - Programming language search executed...
[2025-04-17 16:59:43,481] [INFO] - Perform Career Search ..Executed Successfully
[2025-04-17 16:59:43,481] [INFO] - Test 01 for programming language Python and location All Locations Passed
[2025-04-17 16:59:43,481] [INFO] - TC01 Executed Succcessfully
[2025-04-17 16:59:43,482] [INFO] - Closing Browser
[2025-04-17 16:59:43,590] [INFO] - üîπ log4net initialized before test execution.
[2025-04-17 16:59:43,590] [INFO] - Starting Test setup...
[2025-04-17 16:59:46,327] [INFO] - WebDriver initialized...
[2025-04-17 16:59:46,328] [INFO] - Executing Cookie handler function...
[2025-04-17 16:59:47,529] [INFO] - Initializing Careers Page Instance...
[2025-04-17 16:59:52,050] [DEBUG] - Latest job position search performed...
[2025-04-17 16:59:53,686] [DEBUG] - Programming language search executed...
[2025-04-17 16:59:53,687] [INFO] - Perform Career Search ..Executed Successfully
[2025-04-17 16:59:53,687] [INFO] - Test 01 for programming language C# and location Greece Passed
[2025-04-17 16:59:53,687] [INFO] - TC01 Executed Succcessfully
[2025-04-17 16:59:53,687] [INFO] - Closing Browser
[2025-04-17 16:59:53,798] [INFO] - üîπ log4net initialized before test execution.
[2025-04-17 16:59:53,798] [INFO] - Starting Test setup...
[2025-04-17 16:59:56,539] [INFO] - WebDriver initialized...
[2025-04-17 16:59:57,767] [INFO] - Initializing Search Page Instance...
[2025-04-17 17:01:12,652] [INFO] - Links text extraction performed...
[2025-04-17 17:01:12,653] [INFO] - Links text Validation Performed...
[2025-04-17 17:01:12,666] [ERROR] - TC02 Failed!
NUnit.Framework.AssertionException:   Expected: True
  But was:  False

   at NUnit.Framework.Assert.ReportFailure(String message)
   at NUnit.Framework.Assert.ReportFailure(ConstraintResult result, String message, Object[] args)
   at NUnit.Framework.Assert.That[TActual](TActual actual, IResolveConstraint expression, String message, Object[] args)
   at NUnit.Framework.Assert.IsTrue(Boolean condition)
   at Task_TestAutomationFramework.UI_TestsCases.TestCases.Test_02(String searchString) in C:\Users\SM ZONA GEMAER\OneDrive\Escritorio\TA_Framework + API Testing\Task_TA_Framework\UI_TestsCases\TestCases.cs:line 63
[2025-04-17 17:01:12,980] [INFO] - Closing Browser
[2025-04-17 17:01:13,110] [INFO] - üîπ log4net initialized before test execution.
[2025-04-17 17:01:13,110] [INFO] - Starting Test setup...
[2025-04-17 17:01:16,485] [INFO] - WebDriver initialized...
[2025-04-17 17:01:17,653] [INFO] - Initializing Search Page Instance...
[2025-04-17 17:01:25,703] [INFO] - Links text extraction performed...
[2025-04-17 17:01:25,704] [INFO] - Links text Validation Performed...
[2025-04-17 17:01:25,704] [ERROR] - TC02 Failed!
NUnit.Framework.AssertionException:   Expected: True
  But was:  False

   at NUnit.Framework.Assert.ReportFailure(String message)
   at NUnit.Framework.Assert.ReportFailure(ConstraintResult result, String message, Object[] args)
   at NUnit.Framework.Assert.That[TActual](TActual actual, IResolveConstraint expression, String message, Object[] args)
   at NUnit.Framework.Assert.IsTrue(Boolean condition)
   at Task_TestAutomationFramework.UI_TestsCases.TestCases.Test_02(String searchString) in C:\Users\SM ZONA GEMAER\OneDrive\Escritorio\TA_Framework + API Testing\Task_TA_Framework\UI_TestsCases\TestCases.cs:line 63
[2025-04-17 17:01:26,007] [INFO] - Closing Browser
[2025-04-17 17:01:27,677] [INFO] - üîπ log4net initialized before test execution.
[2025-04-17 17:01:27,677] [INFO] - Starting Test setup...
[2025-04-17 17:01:30,990] [INFO] - WebDriver initialized...
[2025-04-17 17:01:31,657] [INFO] - Initializing Search Page Instance...
[2025-04-17 17:02:14,844] [INFO] - Links text extraction performed...
[2025-04-17 17:02:14,844] [INFO] - Links text Validation Performed...
[2025-04-17 17:02:14,845] [ERROR] - TC02 Failed!
NUnit.Framework.AssertionException:   Expected: True
  But was:  False

   at NUnit.Framework.Assert.ReportFailure(String message)
   at NUnit.Framework.Assert.ReportFailure(ConstraintResult result, String message, Object[] args)
   at NUnit.Framework.Assert.That[TActual](TActual actual, IResolveConstraint expression, String message, Object[] args)
   at NUnit.Framework.Assert.IsTrue(Boolean condition)
   at Task_TestAutomationFramework.UI_TestsCases.TestCases.Test_02(String searchString) in C:\Users\SM ZONA GEMAER\OneDrive\Escritorio\TA_Framework + API Testing\Task_TA_Framework\UI_TestsCases\TestCases.cs:line 63
[2025-04-17 17:02:15,145] [INFO] - Closing Browser
[2025-04-17 17:02:15,259] [INFO] - üîπ log4net initialized before test execution.
[2025-04-17 17:02:15,259] [INFO] - Starting Test setup...
[2025-04-17 17:02:18,162] [INFO] - WebDriver initialized...
[2025-04-17 17:02:19,877] [INFO] - Initializing About Page Instance...
[2025-04-17 17:02:22,467] [INFO] - Perform File Download..Executed Successfully
[2025-04-17 17:02:22,468] [INFO] - TC03 Executed Succcessfully
[2025-04-17 17:02:22,482] [INFO] - ‚úÖ File EPAM_Corporate_Overview_Q4FY-2024.pdf deleted successfully.
[2025-04-17 17:02:22,483] [INFO] - Closing Browser
[2025-04-17 17:02:22,592] [INFO] - üîπ log4net initialized before test execution.
[2025-04-17 17:02:22,592] [INFO] - Starting Test setup...
[2025-04-17 17:02:26,358] [INFO] - WebDriver initialized...
[2025-04-17 17:02:28,038] [INFO] - Initializing Insights Page Instance...
[2025-04-17 17:02:31,374] [INFO] - Article Name Retireved Successfully...
[2025-04-17 17:02:32,651] [INFO] - Actual Title retrieved Successfully...
[2025-04-17 17:02:32,681] [INFO] - TC04 Executed Succcessfully
[2025-04-17 17:02:32,681] [INFO] - Closing Browser
[2025-04-17 22:29:13,978] [INFO] - üîπ log4net initialized before test execution.
[2025-04-17 22:29:13,982] [INFO] - Starting Test setup...
[2025-04-17 22:29:16,934] [INFO] - WebDriver initialized...
[2025-04-17 22:29:16,951] [INFO] - Executing Cookie handler function...
[2025-04-17 22:29:18,179] [INFO] - Initializing Careers Page Instance...
[2025-04-17 22:29:24,162] [DEBUG] - Latest job position search performed...
[2025-04-17 22:29:24,243] [DEBUG] - Programming language search executed...
[2025-04-17 22:29:24,243] [INFO] - Perform Career Search ..Executed Successfully
[2025-04-17 22:29:24,244] [INFO] - Test 01 for programming language C# and location Greece Passed
[2025-04-17 22:29:24,244] [INFO] - TC01 Executed Succcessfully
[2025-04-17 22:29:24,245] [INFO] - Closing Browser
[2025-04-17 22:31:08,957] [INFO] - üîπ log4net initialized before test execution.
[2025-04-17 22:31:08,961] [INFO] - Starting Test setup...
[2025-04-17 22:31:12,060] [INFO] - WebDriver initialized...
[2025-04-17 22:31:12,076] [INFO] - Executing Cookie handler function...
[2025-04-17 22:31:13,313] [INFO] - Initializing Careers Page Instance...
[2025-04-17 22:31:17,281] [DEBUG] - Latest job position search performed...
[2025-04-17 22:31:18,137] [DEBUG] - Programming language search executed...
[2025-04-17 22:31:18,137] [INFO] - Perform Career Search ..Executed Successfully
[2025-04-17 22:31:18,138] [INFO] - Test 01 for programming language C# and location Greece Passed
[2025-04-17 22:31:18,138] [INFO] - TC01 Executed Succcessfully
[2025-04-17 22:31:18,139] [INFO] - Closing Browser
[2025-04-17 22:31:24,717] [INFO] - Starting Task1: Fetch list of users.
[2025-04-17 22:31:25,059] [INFO] - Received 200 OK status.
[2025-04-17 22:31:25,060] [INFO] - User count received: 10
[2025-04-17 22:31:25,063] [INFO] - Task1 completed successfully.
[2025-04-17 22:32:02,729] [INFO] - üîπ log4net initialized before test execution.
[2025-04-17 22:32:02,733] [INFO] - Starting Test setup...
[2025-04-17 22:32:04,918] [INFO] - WebDriver initialized...
[2025-04-17 22:32:04,937] [INFO] - Executing Cookie handler function...
[2025-04-17 22:32:06,202] [INFO] - Initializing Careers Page Instance...
[2025-04-17 22:32:12,687] [DEBUG] - Latest job position search performed...
[2025-04-17 22:32:12,818] [DEBUG] - Programming language search executed...
[2025-04-17 22:32:12,818] [INFO] - Perform Career Search ..Executed Successfully
[2025-04-17 22:32:12,819] [INFO] - Test 01 for programming language SAP and location Bogota Passed
[2025-04-17 22:32:12,819] [INFO] - TC01 Executed Succcessfully
[2025-04-17 22:32:12,820] [INFO] - Closing Browser
[2025-04-17 22:32:12,920] [INFO] - üîπ log4net initialized before test execution.
[2025-04-17 22:32:12,921] [INFO] - Starting Test setup...
[2025-04-17 22:32:15,462] [INFO] - WebDriver initialized...
[2025-04-17 22:32:15,462] [INFO] - Executing Cookie handler function...
[2025-04-17 22:32:16,669] [INFO] - Initializing Careers Page Instance...
[2025-04-17 22:32:23,446] [DEBUG] - Latest job position search performed...
[2025-04-17 22:32:23,485] [DEBUG] - Programming language search executed...
[2025-04-17 22:32:23,485] [INFO] - Perform Career Search ..Executed Successfully
[2025-04-17 22:32:23,485] [INFO] - Test 01 for programming language Python and location All Locations Passed
[2025-04-17 22:32:23,485] [INFO] - TC01 Executed Succcessfully
[2025-04-17 22:32:23,486] [INFO] - Closing Browser
[2025-04-17 22:32:23,581] [INFO] - üîπ log4net initialized before test execution.
[2025-04-17 22:32:23,581] [INFO] - Starting Test setup...
[2025-04-17 22:32:26,364] [INFO] - WebDriver initialized...
[2025-04-17 22:32:26,364] [INFO] - Executing Cookie handler function...
[2025-04-17 22:32:27,608] [INFO] - Initializing Careers Page Instance...
[2025-04-17 22:32:31,726] [DEBUG] - Latest job position search performed...
[2025-04-17 22:32:32,452] [DEBUG] - Programming language search executed...
[2025-04-17 22:32:32,452] [INFO] - Perform Career Search ..Executed Successfully
[2025-04-17 22:32:32,452] [INFO] - Test 01 for programming language C# and location Greece Passed
[2025-04-17 22:32:32,452] [INFO] - TC01 Executed Succcessfully
[2025-04-17 22:32:32,452] [INFO] - Closing Browser
[2025-04-17 22:32:32,557] [INFO] - üîπ log4net initialized before test execution.
[2025-04-17 22:32:32,557] [INFO] - Starting Test setup...
[2025-04-17 22:32:35,089] [INFO] - WebDriver initialized...
[2025-04-17 22:32:36,268] [INFO] - Initializing Search Page Instance...
[2025-04-17 22:33:51,468] [INFO] - Links text extraction performed...
[2025-04-17 22:33:51,468] [INFO] - Links text Validation Performed...
[2025-04-17 22:33:51,481] [ERROR] - TC02 Failed!
NUnit.Framework.AssertionException:   Expected: True
  But was:  False

   at NUnit.Framework.Assert.ReportFailure(String message)
   at NUnit.Framework.Assert.ReportFailure(ConstraintResult result, String message, Object[] args)
   at NUnit.Framework.Assert.That[TActual](TActual actual, IResolveConstraint expression, String message, Object[] args)
   at NUnit.Framework.Assert.IsTrue(Boolean condition)
   at Task_TestAutomationFramework.UI_TestsCases.TestCases.Test_02(String searchString) in C:\Users\SM ZONA GEMAER\OneDrive\Escritorio\TA_Framework + API Testing\Task_TA_Framework\UI_TestsCases\TestCases.cs:line 63
[2025-04-17 22:33:51,789] [INFO] - Closing Browser
[2025-04-17 22:33:51,919] [INFO] - üîπ log4net initialized before test execution.
[2025-04-17 22:33:51,919] [INFO] - Starting Test setup...
[2025-04-17 22:33:54,579] [INFO] - WebDriver initialized...
[2025-04-17 22:33:55,852] [INFO] - Initializing Search Page Instance...
[2025-04-17 22:33:57,682] [ERROR] - Links text extraction failed
OpenQA.Selenium.StaleElementReferenceException: stale element reference: stale element not found
  (Session info: chrome=135.0.7049.86); For documentation on this error, please visit: https://www.selenium.dev/documentation/webdriver/troubleshooting/errors#stale-element-reference-exception
   at OpenQA.Selenium.WebDriver.UnpackAndThrowOnError(Response errorResponse, String commandToExecute)
   at OpenQA.Selenium.WebDriver.ExecuteAsync(String driverCommandToExecute, Dictionary`2 parameters)
   at OpenQA.Selenium.WebDriver.PerformActions(IList`1 actionSequenceList)
   at OpenQA.Selenium.Interactions.Actions.Perform()
   at Business.ApplicationInterface.SearchPage.ClickOnTheLatestItem() in C:\Users\SM ZONA GEMAER\OneDrive\Escritorio\TA_Framework + API Testing\Business\ApplicationInterface\SearchPage.cs:line 44
   at Business.Business.SearchWorkflow.PerformSearch(String searchedValue) in C:\Users\SM ZONA GEMAER\OneDrive\Escritorio\TA_Framework + API Testing\Business\Business\SearchWorkflow.cs:line 30
[2025-04-17 22:33:57,695] [ERROR] - TC02 Failed!
OpenQA.Selenium.StaleElementReferenceException: stale element reference: stale element not found
  (Session info: chrome=135.0.7049.86); For documentation on this error, please visit: https://www.selenium.dev/documentation/webdriver/troubleshooting/errors#stale-element-reference-exception
   at OpenQA.Selenium.WebDriver.UnpackAndThrowOnError(Response errorResponse, String commandToExecute)
   at OpenQA.Selenium.WebDriver.ExecuteAsync(String driverCommandToExecute, Dictionary`2 parameters)
   at OpenQA.Selenium.WebDriver.PerformActions(IList`1 actionSequenceList)
   at OpenQA.Selenium.Interactions.Actions.Perform()
   at Business.ApplicationInterface.SearchPage.ClickOnTheLatestItem() in C:\Users\SM ZONA GEMAER\OneDrive\Escritorio\TA_Framework + API Testing\Business\ApplicationInterface\SearchPage.cs:line 44
   at Business.Business.SearchWorkflow.PerformSearch(String searchedValue) in C:\Users\SM ZONA GEMAER\OneDrive\Escritorio\TA_Framework + API Testing\Business\Business\SearchWorkflow.cs:line 30
   at Task_TestAutomationFramework.UI_TestsCases.TestCases.Test_02(String searchString) in C:\Users\SM ZONA GEMAER\OneDrive\Escritorio\TA_Framework + API Testing\Task_TA_Framework\UI_TestsCases\TestCases.cs:line 58
[2025-04-17 22:33:58,007] [INFO] - Closing Browser
[2025-04-17 22:33:58,112] [INFO] - üîπ log4net initialized before test execution.
[2025-04-17 22:33:58,112] [INFO] - Starting Test setup...
[2025-04-17 22:34:00,470] [INFO] - WebDriver initialized...
[2025-04-17 22:34:02,190] [INFO] - Initializing Search Page Instance...
[2025-04-17 22:34:45,529] [INFO] - Links text extraction performed...
[2025-04-17 22:34:45,529] [INFO] - Links text Validation Performed...
[2025-04-17 22:34:45,530] [ERROR] - TC02 Failed!
NUnit.Framework.AssertionException:   Expected: True
  But was:  False

   at NUnit.Framework.Assert.ReportFailure(String message)
   at NUnit.Framework.Assert.ReportFailure(ConstraintResult result, String message, Object[] args)
   at NUnit.Framework.Assert.That[TActual](TActual actual, IResolveConstraint expression, String message, Object[] args)
   at NUnit.Framework.Assert.IsTrue(Boolean condition)
   at Task_TestAutomationFramework.UI_TestsCases.TestCases.Test_02(String searchString) in C:\Users\SM ZONA GEMAER\OneDrive\Escritorio\TA_Framework + API Testing\Task_TA_Framework\UI_TestsCases\TestCases.cs:line 63
[2025-04-17 22:34:45,835] [INFO] - Closing Browser
[2025-04-17 22:34:45,942] [INFO] - üîπ log4net initialized before test execution.
[2025-04-17 22:34:45,942] [INFO] - Starting Test setup...
[2025-04-17 22:34:48,658] [INFO] - WebDriver initialized...
[2025-04-17 22:34:49,902] [INFO] - Initializing About Page Instance...
[2025-04-17 22:34:52,854] [INFO] - Perform File Download..Executed Successfully
[2025-04-17 22:34:52,855] [INFO] - TC03 Executed Succcessfully
[2025-04-17 22:34:52,872] [INFO] - ‚úÖ File EPAM_Corporate_Overview_Q4FY-2024.pdf deleted successfully.
[2025-04-17 22:34:52,872] [INFO] - Closing Browser
[2025-04-17 22:34:52,975] [INFO] - üîπ log4net initialized before test execution.
[2025-04-17 22:34:52,976] [INFO] - Starting Test setup...
[2025-04-17 22:34:55,499] [INFO] - WebDriver initialized...
[2025-04-17 22:34:56,747] [INFO] - Initializing Insights Page Instance...
[2025-04-17 22:34:59,433] [INFO] - Article Name Retireved Successfully...
[2025-04-17 22:34:59,573] [INFO] - Actual Title retrieved Successfully...
[2025-04-17 22:35:09,803] [ERROR] - Error while trying to retrieve actual title
OpenQA.Selenium.WebDriverTimeoutException: Timed out after 10 seconds
 ---> OpenQA.Selenium.NoSuchElementException: no such element: Unable to locate element: {"method":"css selector","selector":"span[class='font-size-80-33'] span[class='museo-sans-light']"}
  (Session info: chrome=135.0.7049.86); For documentation on this error, please visit: https://www.selenium.dev/documentation/webdriver/troubleshooting/errors#no-such-element-exception
   at OpenQA.Selenium.WebDriver.UnpackAndThrowOnError(Response errorResponse, String commandToExecute)
   at OpenQA.Selenium.WebDriver.ExecuteAsync(String driverCommandToExecute, Dictionary`2 parameters)
   at OpenQA.Selenium.WebDriver.Execute(String driverCommandToExecute, Dictionary`2 parameters)
   at OpenQA.Selenium.WebDriver.FindElement(String mechanism, String value)
   at SeleniumExtras.WaitHelpers.ExpectedConditions.<>c__DisplayClass7_0.<ElementIsVisible>b__0(IWebDriver driver)
   at OpenQA.Selenium.Support.UI.DefaultWait`1.Until[TResult](Func`2 condition, CancellationToken token)
   --- End of inner exception stack trace ---
   at OpenQA.Selenium.Support.UI.DefaultWait`1.ThrowTimeoutException(String exceptionMessage, Exception lastException)
   at OpenQA.Selenium.Support.UI.DefaultWait`1.Until[TResult](Func`2 condition, CancellationToken token)
   at OpenQA.Selenium.Support.UI.DefaultWait`1.Until[TResult](Func`2 condition)
   at Core.Core.BasePage.WaitForElement(By locator) in C:\Users\SM ZONA GEMAER\OneDrive\Escritorio\TA_Framework + API Testing\Core\Core\BasePage.cs:line 36
   at Business.ApplicationInterface.InsightsPage.GetActuaTitle() in C:\Users\SM ZONA GEMAER\OneDrive\Escritorio\TA_Framework + API Testing\Business\ApplicationInterface\InsightsPage.cs:line 50
   at Business.Business.InsightsWorkflow.GetActualArticleTitle() in C:\Users\SM ZONA GEMAER\OneDrive\Escritorio\TA_Framework + API Testing\Business\Business\InsightsWorkflow.cs:line 53
[2025-04-17 22:35:09,804] [ERROR] - TC04 Failed!
OpenQA.Selenium.WebDriverTimeoutException: Timed out after 10 seconds
 ---> OpenQA.Selenium.NoSuchElementException: no such element: Unable to locate element: {"method":"css selector","selector":"span[class='font-size-80-33'] span[class='museo-sans-light']"}
  (Session info: chrome=135.0.7049.86); For documentation on this error, please visit: https://www.selenium.dev/documentation/webdriver/troubleshooting/errors#no-such-element-exception
   at OpenQA.Selenium.WebDriver.UnpackAndThrowOnError(Response errorResponse, String commandToExecute)
   at OpenQA.Selenium.WebDriver.ExecuteAsync(String driverCommandToExecute, Dictionary`2 parameters)
   at OpenQA.Selenium.WebDriver.Execute(String driverCommandToExecute, Dictionary`2 parameters)
   at OpenQA.Selenium.WebDriver.FindElement(String mechanism, String value)
   at SeleniumExtras.WaitHelpers.ExpectedConditions.<>c__DisplayClass7_0.<ElementIsVisible>b__0(IWebDriver driver)
   at OpenQA.Selenium.Support.UI.DefaultWait`1.Until[TResult](Func`2 condition, CancellationToken token)
   --- End of inner exception stack trace ---
   at OpenQA.Selenium.Support.UI.DefaultWait`1.ThrowTimeoutException(String exceptionMessage, Exception lastException)
   at OpenQA.Selenium.Support.UI.DefaultWait`1.Until[TResult](Func`2 condition, CancellationToken token)
   at OpenQA.Selenium.Support.UI.DefaultWait`1.Until[TResult](Func`2 condition)
   at Core.Core.BasePage.WaitForElement(By locator) in C:\Users\SM ZONA GEMAER\OneDrive\Escritorio\TA_Framework + API Testing\Core\Core\BasePage.cs:line 36
   at Business.ApplicationInterface.InsightsPage.GetActuaTitle() in C:\Users\SM ZONA GEMAER\OneDrive\Escritorio\TA_Framework + API Testing\Business\ApplicationInterface\InsightsPage.cs:line 50
   at Business.Business.InsightsWorkflow.GetActualArticleTitle() in C:\Users\SM ZONA GEMAER\OneDrive\Escritorio\TA_Framework + API Testing\Business\Business\InsightsWorkflow.cs:line 53
   at Task_TestAutomationFramework.UI_TestsCases.TestCases.Test_04() in C:\Users\SM ZONA GEMAER\OneDrive\Escritorio\TA_Framework + API Testing\Task_TA_Framework\UI_TestsCases\TestCases.cs:line 113
[2025-04-17 22:35:10,078] [INFO] - Closing Browser
[2025-04-17 22:35:10,223] [INFO] - Starting Task5: Request to an invalid endpoint.
[2025-04-17 22:35:10,223] [INFO] - Starting Task2: Validate response headers for /users.
[2025-04-17 22:35:10,223] [INFO] - Starting Task1: Fetch list of users.
[2025-04-17 22:35:10,223] [INFO] - Starting Task4: Create a new user.
[2025-04-17 22:35:10,224] [INFO] - Starting Task3: Validate user content and structure.
[2025-04-17 22:35:10,458] [INFO] - Received 200 OK status.
[2025-04-17 22:35:10,459] [INFO] - Task5 completed successfully.
[2025-04-17 22:35:10,460] [INFO] - User count received: 10
[2025-04-17 22:35:10,460] [INFO] - Task1 completed successfully.
[2025-04-17 22:35:10,462] [INFO] - Task3 completed successfully.
[2025-04-17 22:35:10,472] [INFO] - Task4 completed successfully.
[2025-04-17 23:15:11,182] [INFO] - üîπ log4net initialized before test execution.
[2025-04-17 23:15:11,186] [INFO] - Starting Test setup...
[2025-04-17 23:15:14,363] [INFO] - WebDriver initialized...
[2025-04-17 23:15:14,385] [INFO] - Executing Cookie handler function...
[2025-04-17 23:15:16,158] [INFO] - Initializing Careers Page Instance...
[2025-04-17 23:15:23,395] [DEBUG] - Latest job position search performed...
[2025-04-17 23:15:23,568] [DEBUG] - Programming language search executed...
[2025-04-17 23:15:23,568] [INFO] - Perform Career Search ..Executed Successfully
[2025-04-17 23:15:23,569] [INFO] - Test 01 for programming language SAP and location Bogota Passed
[2025-04-17 23:15:23,569] [INFO] - TC01 Executed Succcessfully
[2025-04-17 23:15:23,571] [INFO] - Closing Browser
[2025-04-17 23:15:23,693] [INFO] - üîπ log4net initialized before test execution.
[2025-04-17 23:15:23,693] [INFO] - Starting Test setup...
[2025-04-17 23:15:26,486] [INFO] - WebDriver initialized...
[2025-04-17 23:15:26,486] [INFO] - Executing Cookie handler function...
[2025-04-17 23:15:27,681] [INFO] - Initializing Careers Page Instance...
[2025-04-17 23:15:35,974] [DEBUG] - Latest job position search performed...
[2025-04-17 23:15:36,047] [DEBUG] - Programming language search executed...
[2025-04-17 23:15:36,047] [INFO] - Perform Career Search ..Executed Successfully
[2025-04-17 23:15:36,047] [INFO] - Test 01 for programming language Python and location All Locations Passed
[2025-04-17 23:15:36,047] [INFO] - TC01 Executed Succcessfully
[2025-04-17 23:15:36,047] [INFO] - Closing Browser
[2025-04-17 23:15:36,180] [INFO] - üîπ log4net initialized before test execution.
[2025-04-17 23:15:36,180] [INFO] - Starting Test setup...
[2025-04-17 23:15:38,925] [INFO] - WebDriver initialized...
[2025-04-17 23:15:38,925] [INFO] - Executing Cookie handler function...
[2025-04-17 23:15:40,112] [INFO] - Initializing Careers Page Instance...
[2025-04-17 23:15:44,722] [DEBUG] - Latest job position search performed...
[2025-04-17 23:15:47,078] [DEBUG] - Programming language search executed...
[2025-04-17 23:15:47,078] [INFO] - Perform Career Search ..Executed Successfully
[2025-04-17 23:15:47,078] [INFO] - Test 01 for programming language C# and location Greece Passed
[2025-04-17 23:15:47,078] [INFO] - TC01 Executed Succcessfully
[2025-04-17 23:15:47,078] [INFO] - Closing Browser
[2025-04-17 23:15:47,203] [INFO] - üîπ log4net initialized before test execution.
[2025-04-17 23:15:47,203] [INFO] - Starting Test setup...
[2025-04-17 23:15:50,634] [INFO] - WebDriver initialized...
[2025-04-17 23:15:51,877] [INFO] - Initializing Search Page Instance...
[2025-04-17 23:17:08,071] [INFO] - Links text extraction performed...
[2025-04-17 23:17:08,071] [INFO] - Links text Validation Performed...
[2025-04-17 23:17:08,084] [ERROR] - TC02 Failed!
NUnit.Framework.AssertionException:   Expected: True
  But was:  False

   at NUnit.Framework.Assert.ReportFailure(String message)
   at NUnit.Framework.Assert.ReportFailure(ConstraintResult result, String message, Object[] args)
   at NUnit.Framework.Assert.That[TActual](TActual actual, IResolveConstraint expression, String message, Object[] args)
   at NUnit.Framework.Assert.IsTrue(Boolean condition)
   at Task_TestAutomationFramework.UI_TestsCases.TestCases.Test_02(String searchString) in C:\Users\SM ZONA GEMAER\OneDrive\Escritorio\Test\Task_TA_Framework\UI_TestsCases\TestCases.cs:line 63
[2025-04-17 23:17:08,407] [INFO] - Closing Browser
[2025-04-17 23:17:08,534] [INFO] - üîπ log4net initialized before test execution.
[2025-04-17 23:17:08,534] [INFO] - Starting Test setup...
[2025-04-17 23:17:11,268] [INFO] - WebDriver initialized...
[2025-04-17 23:17:12,467] [INFO] - Initializing Search Page Instance...
[2025-04-17 23:17:20,354] [INFO] - Links text extraction performed...
[2025-04-17 23:17:20,354] [INFO] - Links text Validation Performed...
[2025-04-17 23:17:20,355] [ERROR] - TC02 Failed!
NUnit.Framework.AssertionException:   Expected: True
  But was:  False

   at NUnit.Framework.Assert.ReportFailure(String message)
   at NUnit.Framework.Assert.ReportFailure(ConstraintResult result, String message, Object[] args)
   at NUnit.Framework.Assert.That[TActual](TActual actual, IResolveConstraint expression, String message, Object[] args)
   at NUnit.Framework.Assert.IsTrue(Boolean condition)
   at Task_TestAutomationFramework.UI_TestsCases.TestCases.Test_02(String searchString) in C:\Users\SM ZONA GEMAER\OneDrive\Escritorio\Test\Task_TA_Framework\UI_TestsCases\TestCases.cs:line 63
[2025-04-17 23:17:20,664] [INFO] - Closing Browser
[2025-04-17 23:17:20,783] [INFO] - üîπ log4net initialized before test execution.
[2025-04-17 23:17:20,783] [INFO] - Starting Test setup...
[2025-04-17 23:17:23,422] [INFO] - WebDriver initialized...
[2025-04-17 23:17:24,603] [INFO] - Initializing Search Page Instance...
[2025-04-17 23:18:08,406] [INFO] - Links text extraction performed...
[2025-04-17 23:18:08,406] [INFO] - Links text Validation Performed...
[2025-04-17 23:18:08,407] [ERROR] - TC02 Failed!
NUnit.Framework.AssertionException:   Expected: True
  But was:  False

   at NUnit.Framework.Assert.ReportFailure(String message)
   at NUnit.Framework.Assert.ReportFailure(ConstraintResult result, String message, Object[] args)
   at NUnit.Framework.Assert.That[TActual](TActual actual, IResolveConstraint expression, String message, Object[] args)
   at NUnit.Framework.Assert.IsTrue(Boolean condition)
   at Task_TestAutomationFramework.UI_TestsCases.TestCases.Test_02(String searchString) in C:\Users\SM ZONA GEMAER\OneDrive\Escritorio\Test\Task_TA_Framework\UI_TestsCases\TestCases.cs:line 63
[2025-04-17 23:18:08,733] [INFO] - Closing Browser
[2025-04-17 23:18:08,877] [INFO] - üîπ log4net initialized before test execution.
[2025-04-17 23:18:08,877] [INFO] - Starting Test setup...
[2025-04-17 23:18:11,293] [INFO] - WebDriver initialized...
[2025-04-17 23:18:13,005] [INFO] - Initializing About Page Instance...
[2025-04-17 23:18:15,743] [INFO] - Perform File Download..Executed Successfully
[2025-04-17 23:18:15,743] [INFO] - TC03 Executed Succcessfully
[2025-04-17 23:18:15,817] [INFO] - ‚úÖ File EPAM_Corporate_Overview_Q4FY-2024.pdf deleted successfully.
[2025-04-17 23:18:15,817] [INFO] - Closing Browser
[2025-04-17 23:18:15,924] [INFO] - üîπ log4net initialized before test execution.
[2025-04-17 23:18:15,924] [INFO] - Starting Test setup...
[2025-04-17 23:18:18,739] [INFO] - WebDriver initialized...
[2025-04-17 23:18:20,430] [INFO] - Initializing Insights Page Instance...
[2025-04-17 23:18:23,322] [INFO] - Article Name Retireved Successfully...
[2025-04-17 23:18:26,749] [INFO] - Actual Title retrieved Successfully...
[2025-04-17 23:18:26,849] [INFO] - TC04 Executed Succcessfully
[2025-04-17 23:18:26,849] [INFO] - Closing Browser
[2025-04-17 23:18:27,055] [INFO] - Starting Task5: Request to an invalid endpoint.
[2025-04-17 23:18:27,055] [INFO] - Starting Task2: Validate response headers for /users.
[2025-04-17 23:18:27,055] [INFO] - Starting Task1: Fetch list of users.
[2025-04-17 23:18:27,055] [INFO] - Starting Task4: Create a new user.
[2025-04-17 23:18:27,055] [INFO] - Starting Task3: Validate user content and structure.
[2025-04-17 23:18:27,363] [INFO] - Received 200 OK status.
[2025-04-17 23:18:27,364] [INFO] - Task5 completed successfully.
[2025-04-17 23:18:27,365] [INFO] - User count received: 10
[2025-04-17 23:18:27,365] [INFO] - Task1 completed successfully.
[2025-04-17 23:18:27,367] [INFO] - Task3 completed successfully.
[2025-04-17 23:18:27,445] [INFO] - Task4 completed successfully.
[2025-04-17 23:24:56,113] [INFO] - Starting Task2: Validate response headers for /users.
[2025-04-17 23:24:56,113] [INFO] - Starting Task3: Validate user content and structure.
[2025-04-17 23:24:56,113] [INFO] - Starting Task1: Fetch list of users.
[2025-04-17 23:24:56,113] [INFO] - Starting Task5: Request to an invalid endpoint.
[2025-04-17 23:24:56,113] [INFO] - Starting Task4: Create a new user.
[2025-04-17 23:24:56,468] [INFO] - Received 200 OK status.
[2025-04-17 23:24:56,470] [INFO] - Task5 completed successfully.
[2025-04-17 23:24:56,470] [INFO] - User count received: 10
[2025-04-17 23:24:56,472] [INFO] - Task1 completed successfully.
[2025-04-17 23:24:56,473] [INFO] - Task3 completed successfully.
[2025-04-17 23:24:56,550] [INFO] - Task4 completed successfully.
[2025-04-22 21:29:26,906] [INFO] - üîπ log4net initialized before test execution.
[2025-04-22 21:29:26,910] [INFO] - Starting Test setup...
[2025-04-22 21:29:57,070] [INFO] - WebDriver initialized...
[2025-04-22 21:29:57,103] [INFO] - Executing Cookie handler function...
[2025-04-22 21:29:58,387] [INFO] - Initializing Careers Page Instance...
[2025-04-22 21:30:05,483] [DEBUG] - Latest job position search performed...
[2025-04-22 21:30:05,602] [DEBUG] - Programming language search executed...
[2025-04-22 21:30:05,602] [INFO] - Perform Career Search ..Executed Successfully
[2025-04-22 21:30:05,604] [INFO] - Test 01 for programming language SAP and location Bogota Passed
[2025-04-22 21:30:05,604] [INFO] - TC01 Executed Succcessfully
[2025-04-22 21:30:05,604] [INFO] - Closing Browser
[2025-04-22 21:30:05,719] [INFO] - üîπ log4net initialized before test execution.
[2025-04-22 21:30:05,719] [INFO] - Starting Test setup...
[2025-04-22 21:30:08,322] [INFO] - WebDriver initialized...
[2025-04-22 21:30:08,323] [INFO] - Executing Cookie handler function...
[2025-04-22 21:30:10,069] [INFO] - Initializing Careers Page Instance...
[2025-04-22 21:30:19,005] [DEBUG] - Latest job position search performed...
[2025-04-22 21:30:19,042] [DEBUG] - Programming language search executed...
[2025-04-22 21:30:19,042] [INFO] - Perform Career Search ..Executed Successfully
[2025-04-22 21:30:19,043] [INFO] - Test 01 for programming language Python and location All Locations Passed
[2025-04-22 21:30:19,043] [INFO] - TC01 Executed Succcessfully
[2025-04-22 21:30:19,043] [INFO] - Closing Browser
[2025-04-22 21:30:19,165] [INFO] - üîπ log4net initialized before test execution.
[2025-04-22 21:30:19,165] [INFO] - Starting Test setup...
[2025-04-22 21:30:23,307] [INFO] - WebDriver initialized...
[2025-04-22 21:30:23,308] [INFO] - Executing Cookie handler function...
[2025-04-22 21:30:24,445] [INFO] - Initializing Careers Page Instance...
[2025-04-22 21:30:30,772] [DEBUG] - Latest job position search performed...
[2025-04-22 21:30:30,824] [DEBUG] - Programming language search executed...
[2025-04-22 21:30:30,825] [INFO] - Perform Career Search ..Executed Successfully
[2025-04-22 21:30:30,825] [INFO] - Test 01 for programming language C# and location Greece Passed
[2025-04-22 21:30:30,825] [INFO] - TC01 Executed Succcessfully
[2025-04-22 21:30:30,825] [INFO] - Closing Browser
[2025-04-22 21:30:30,928] [INFO] - üîπ log4net initialized before test execution.
[2025-04-22 21:30:30,929] [INFO] - Starting Test setup...
[2025-04-22 21:30:33,565] [INFO] - WebDriver initialized...
[2025-04-22 21:30:34,739] [INFO] - Initializing Search Page Instance...
[2025-04-22 21:31:50,434] [INFO] - Links text extraction performed...
[2025-04-22 21:31:50,434] [INFO] - Links text Validation Performed...
[2025-04-22 21:31:50,455] [ERROR] - TC02 Failed!
NUnit.Framework.AssertionException:   Expected: True
  But was:  False

   at NUnit.Framework.Assert.ReportFailure(String message)
   at NUnit.Framework.Assert.ReportFailure(ConstraintResult result, String message, Object[] args)
   at NUnit.Framework.Assert.That[TActual](TActual actual, IResolveConstraint expression, String message, Object[] args)
   at NUnit.Framework.Assert.IsTrue(Boolean condition)
   at Task_TestAutomationFramework.UI_TestsCases.TestCases.Test_02(String searchString) in C:\Users\SM ZONA GEMAER\OneDrive\Escritorio\Test_CI_CD_Pipeline\Task_TA_Framework\UI_TestsCases\TestCases.cs:line 63
[2025-04-22 21:31:50,786] [INFO] - Closing Browser
[2025-04-22 21:31:50,942] [INFO] - üîπ log4net initialized before test execution.
[2025-04-22 21:31:50,942] [INFO] - Starting Test setup...
[2025-04-22 21:31:53,613] [INFO] - WebDriver initialized...
[2025-04-22 21:31:54,813] [INFO] - Initializing Search Page Instance...
[2025-04-22 21:32:02,308] [INFO] - Links text extraction performed...
[2025-04-22 21:32:02,308] [INFO] - Links text Validation Performed...
[2025-04-22 21:32:02,309] [ERROR] - TC02 Failed!
NUnit.Framework.AssertionException:   Expected: True
  But was:  False

   at NUnit.Framework.Assert.ReportFailure(String message)
   at NUnit.Framework.Assert.ReportFailure(ConstraintResult result, String message, Object[] args)
   at NUnit.Framework.Assert.That[TActual](TActual actual, IResolveConstraint expression, String message, Object[] args)
   at NUnit.Framework.Assert.IsTrue(Boolean condition)
   at Task_TestAutomationFramework.UI_TestsCases.TestCases.Test_02(String searchString) in C:\Users\SM ZONA GEMAER\OneDrive\Escritorio\Test_CI_CD_Pipeline\Task_TA_Framework\UI_TestsCases\TestCases.cs:line 63
[2025-04-22 21:32:02,616] [INFO] - Closing Browser
[2025-04-22 21:32:02,746] [INFO] - üîπ log4net initialized before test execution.
[2025-04-22 21:32:02,747] [INFO] - Starting Test setup...
[2025-04-22 21:32:05,454] [INFO] - WebDriver initialized...
[2025-04-22 21:32:07,192] [INFO] - Initializing Search Page Instance...
[2025-04-22 21:32:51,952] [INFO] - Links text extraction performed...
[2025-04-22 21:32:51,952] [INFO] - Links text Validation Performed...
[2025-04-22 21:32:51,953] [ERROR] - TC02 Failed!
NUnit.Framework.AssertionException:   Expected: True
  But was:  False

   at NUnit.Framework.Assert.ReportFailure(String message)
   at NUnit.Framework.Assert.ReportFailure(ConstraintResult result, String message, Object[] args)
   at NUnit.Framework.Assert.That[TActual](TActual actual, IResolveConstraint expression, String message, Object[] args)
   at NUnit.Framework.Assert.IsTrue(Boolean condition)
   at Task_TestAutomationFramework.UI_TestsCases.TestCases.Test_02(String searchString) in C:\Users\SM ZONA GEMAER\OneDrive\Escritorio\Test_CI_CD_Pipeline\Task_TA_Framework\UI_TestsCases\TestCases.cs:line 63
[2025-04-22 21:32:52,252] [INFO] - Closing Browser
[2025-04-22 21:32:52,406] [INFO] - üîπ log4net initialized before test execution.
[2025-04-22 21:32:52,406] [INFO] - Starting Test setup...
[2025-04-22 21:32:55,023] [INFO] - WebDriver initialized...
[2025-04-22 21:32:56,207] [INFO] - Initializing About Page Instance...
[2025-04-22 21:33:00,560] [INFO] - Perform File Download..Executed Successfully
[2025-04-22 21:33:00,561] [INFO] - TC03 Executed Succcessfully
[2025-04-22 21:33:00,575] [INFO] - ‚úÖ File EPAM_Corporate_Overview_Q4FY-2024.pdf deleted successfully.
[2025-04-22 21:33:00,575] [INFO] - Closing Browser
[2025-04-22 21:33:00,723] [INFO] - üîπ log4net initialized before test execution.
[2025-04-22 21:33:00,723] [INFO] - Starting Test setup...
[2025-04-22 21:33:03,317] [INFO] - WebDriver initialized...
[2025-04-22 21:33:06,023] [INFO] - Initializing Insights Page Instance...
[2025-04-22 21:33:09,471] [INFO] - Article Name Retireved Successfully...
[2025-04-22 21:33:09,831] [INFO] - Actual Title retrieved Successfully...
[2025-04-22 21:33:10,451] [INFO] - TC04 Executed Succcessfully
[2025-04-22 21:33:10,451] [INFO] - Closing Browser
[2025-04-22 21:33:10,670] [INFO] - Starting Task5: Request to an invalid endpoint.
[2025-04-22 21:33:10,670] [INFO] - Starting Task2: Validate response headers for /users.
[2025-04-22 21:33:10,670] [INFO] - Starting Task4: Create a new user.
[2025-04-22 21:33:10,670] [INFO] - Starting Task1: Fetch list of users.
[2025-04-22 21:33:10,670] [INFO] - Starting Task3: Validate user content and structure.
[2025-04-22 21:33:11,004] [INFO] - Received 200 OK status.
[2025-04-22 21:33:11,006] [INFO] - User count received: 10
[2025-04-22 21:33:11,008] [INFO] - Task1 completed successfully.
[2025-04-22 21:33:11,079] [INFO] - Task5 completed successfully.
[2025-04-22 21:33:11,176] [INFO] - Task4 completed successfully.
[2025-04-22 21:33:11,524] [INFO] - Task3 completed successfully.
[2025-04-24 15:38:13,478] [INFO] - Starting Task3: Validate user content and structure.
[2025-04-24 15:38:13,478] [INFO] - Starting Task2: Validate response headers for /users.
[2025-04-24 15:38:13,478] [INFO] - Starting Task5: Request to an invalid endpoint.
[2025-04-24 15:38:13,478] [INFO] - Starting Task1: Fetch list of users.
[2025-04-24 15:38:13,478] [INFO] - Starting Task4: Create a new user.
